mode: set
github.com/relevant-community/oracle/x/oracle/types/TestClaim.go:11.83,17.2 1 0
github.com/relevant-community/oracle/x/oracle/types/TestClaim.go:22.43,23.27 1 1
github.com/relevant-community/oracle/x/oracle/types/TestClaim.go:26.2,26.25 1 1
github.com/relevant-community/oracle/x/oracle/types/TestClaim.go:29.2,29.23 1 1
github.com/relevant-community/oracle/x/oracle/types/TestClaim.go:32.2,32.12 1 1
github.com/relevant-community/oracle/x/oracle/types/TestClaim.go:23.27,25.3 1 0
github.com/relevant-community/oracle/x/oracle/types/TestClaim.go:26.25,28.3 1 0
github.com/relevant-community/oracle/x/oracle/types/TestClaim.go:29.23,31.3 1 1
github.com/relevant-community/oracle/x/oracle/types/TestClaim.go:36.35,38.2 1 0
github.com/relevant-community/oracle/x/oracle/types/TestClaim.go:41.45,43.16 2 0
github.com/relevant-community/oracle/x/oracle/types/TestClaim.go:46.2,46.23 1 0
github.com/relevant-community/oracle/x/oracle/types/TestClaim.go:43.16,44.13 1 0
github.com/relevant-community/oracle/x/oracle/types/TestClaim.go:50.41,52.2 1 0
github.com/relevant-community/oracle/x/oracle/types/TestClaim.go:57.46,59.2 1 0
github.com/relevant-community/oracle/x/oracle/types/query.pb.go:41.45,41.73 1 0
github.com/relevant-community/oracle/x/oracle/types/query.pb.go:42.45,42.82 1 0
github.com/relevant-community/oracle/x/oracle/types/query.pb.go:43.46,43.47 0 0
github.com/relevant-community/oracle/x/oracle/types/query.pb.go:44.56,46.2 1 0
github.com/relevant-community/oracle/x/oracle/types/query.pb.go:47.59,49.2 1 0
github.com/relevant-community/oracle/x/oracle/types/query.pb.go:50.87,51.19 1 0
github.com/relevant-community/oracle/x/oracle/types/query.pb.go:51.19,53.3 1 0
github.com/relevant-community/oracle/x/oracle/types/query.pb.go:53.8,56.17 3 0
github.com/relevant-community/oracle/x/oracle/types/query.pb.go:59.3,59.20 1 0
github.com/relevant-community/oracle/x/oracle/types/query.pb.go:56.17,58.4 1 0
github.com/relevant-community/oracle/x/oracle/types/query.pb.go:62.58,64.2 1 0
github.com/relevant-community/oracle/x/oracle/types/query.pb.go:65.44,67.2 1 0
github.com/relevant-community/oracle/x/oracle/types/query.pb.go:68.50,70.2 1 0
github.com/relevant-community/oracle/x/oracle/types/query.pb.go:74.51,75.14 1 0
github.com/relevant-community/oracle/x/oracle/types/query.pb.go:78.2,78.11 1 0
github.com/relevant-community/oracle/x/oracle/types/query.pb.go:75.14,77.3 1 0
github.com/relevant-community/oracle/x/oracle/types/query.pb.go:81.49,82.14 1 0
github.com/relevant-community/oracle/x/oracle/types/query.pb.go:85.2,85.10 1 0
github.com/relevant-community/oracle/x/oracle/types/query.pb.go:82.14,84.3 1 0
github.com/relevant-community/oracle/x/oracle/types/query.pb.go:93.46,93.75 1 0
github.com/relevant-community/oracle/x/oracle/types/query.pb.go:94.46,94.83 1 0
github.com/relevant-community/oracle/x/oracle/types/query.pb.go:95.47,95.48 0 0
github.com/relevant-community/oracle/x/oracle/types/query.pb.go:96.57,98.2 1 0
github.com/relevant-community/oracle/x/oracle/types/query.pb.go:99.60,101.2 1 0
github.com/relevant-community/oracle/x/oracle/types/query.pb.go:102.88,103.19 1 0
github.com/relevant-community/oracle/x/oracle/types/query.pb.go:103.19,105.3 1 0
github.com/relevant-community/oracle/x/oracle/types/query.pb.go:105.8,108.17 3 0
github.com/relevant-community/oracle/x/oracle/types/query.pb.go:111.3,111.20 1 0
github.com/relevant-community/oracle/x/oracle/types/query.pb.go:108.17,110.4 1 0
github.com/relevant-community/oracle/x/oracle/types/query.pb.go:114.59,116.2 1 0
github.com/relevant-community/oracle/x/oracle/types/query.pb.go:117.45,119.2 1 0
github.com/relevant-community/oracle/x/oracle/types/query.pb.go:120.51,122.2 1 0
github.com/relevant-community/oracle/x/oracle/types/query.pb.go:126.47,127.14 1 0
github.com/relevant-community/oracle/x/oracle/types/query.pb.go:130.2,130.16 1 0
github.com/relevant-community/oracle/x/oracle/types/query.pb.go:127.14,129.3 1 0
github.com/relevant-community/oracle/x/oracle/types/query.pb.go:138.49,138.81 1 0
github.com/relevant-community/oracle/x/oracle/types/query.pb.go:139.49,139.86 1 0
github.com/relevant-community/oracle/x/oracle/types/query.pb.go:140.50,140.51 0 0
github.com/relevant-community/oracle/x/oracle/types/query.pb.go:141.60,143.2 1 0
github.com/relevant-community/oracle/x/oracle/types/query.pb.go:144.63,146.2 1 0
github.com/relevant-community/oracle/x/oracle/types/query.pb.go:147.91,148.19 1 0
github.com/relevant-community/oracle/x/oracle/types/query.pb.go:148.19,150.3 1 0
github.com/relevant-community/oracle/x/oracle/types/query.pb.go:150.8,153.17 3 0
github.com/relevant-community/oracle/x/oracle/types/query.pb.go:156.3,156.20 1 0
github.com/relevant-community/oracle/x/oracle/types/query.pb.go:153.17,155.4 1 0
github.com/relevant-community/oracle/x/oracle/types/query.pb.go:159.62,161.2 1 0
github.com/relevant-community/oracle/x/oracle/types/query.pb.go:162.48,164.2 1 0
github.com/relevant-community/oracle/x/oracle/types/query.pb.go:165.54,167.2 1 0
github.com/relevant-community/oracle/x/oracle/types/query.pb.go:171.68,172.14 1 0
github.com/relevant-community/oracle/x/oracle/types/query.pb.go:175.2,175.12 1 0
github.com/relevant-community/oracle/x/oracle/types/query.pb.go:172.14,174.3 1 0
github.com/relevant-community/oracle/x/oracle/types/query.pb.go:184.50,184.83 1 0
github.com/relevant-community/oracle/x/oracle/types/query.pb.go:185.50,185.87 1 0
github.com/relevant-community/oracle/x/oracle/types/query.pb.go:186.51,186.52 0 0
github.com/relevant-community/oracle/x/oracle/types/query.pb.go:187.61,189.2 1 0
github.com/relevant-community/oracle/x/oracle/types/query.pb.go:190.64,192.2 1 0
github.com/relevant-community/oracle/x/oracle/types/query.pb.go:193.92,194.19 1 0
github.com/relevant-community/oracle/x/oracle/types/query.pb.go:194.19,196.3 1 0
github.com/relevant-community/oracle/x/oracle/types/query.pb.go:196.8,199.17 3 0
github.com/relevant-community/oracle/x/oracle/types/query.pb.go:202.3,202.20 1 0
github.com/relevant-community/oracle/x/oracle/types/query.pb.go:199.17,201.4 1 0
github.com/relevant-community/oracle/x/oracle/types/query.pb.go:205.63,207.2 1 0
github.com/relevant-community/oracle/x/oracle/types/query.pb.go:208.49,210.2 1 0
github.com/relevant-community/oracle/x/oracle/types/query.pb.go:211.55,213.2 1 0
github.com/relevant-community/oracle/x/oracle/types/query.pb.go:217.54,218.14 1 0
github.com/relevant-community/oracle/x/oracle/types/query.pb.go:221.2,221.12 1 0
github.com/relevant-community/oracle/x/oracle/types/query.pb.go:218.14,220.3 1 0
github.com/relevant-community/oracle/x/oracle/types/query.pb.go:224.70,225.14 1 0
github.com/relevant-community/oracle/x/oracle/types/query.pb.go:228.2,228.12 1 0
github.com/relevant-community/oracle/x/oracle/types/query.pb.go:225.14,227.3 1 0
github.com/relevant-community/oracle/x/oracle/types/query.pb.go:236.53,236.89 1 0
github.com/relevant-community/oracle/x/oracle/types/query.pb.go:237.53,237.90 1 0
github.com/relevant-community/oracle/x/oracle/types/query.pb.go:238.54,238.55 0 0
github.com/relevant-community/oracle/x/oracle/types/query.pb.go:239.64,241.2 1 0
github.com/relevant-community/oracle/x/oracle/types/query.pb.go:242.67,244.2 1 0
github.com/relevant-community/oracle/x/oracle/types/query.pb.go:245.95,246.19 1 0
github.com/relevant-community/oracle/x/oracle/types/query.pb.go:246.19,248.3 1 0
github.com/relevant-community/oracle/x/oracle/types/query.pb.go:248.8,251.17 3 0
github.com/relevant-community/oracle/x/oracle/types/query.pb.go:254.3,254.20 1 0
github.com/relevant-community/oracle/x/oracle/types/query.pb.go:251.17,253.4 1 0
github.com/relevant-community/oracle/x/oracle/types/query.pb.go:257.66,259.2 1 0
github.com/relevant-community/oracle/x/oracle/types/query.pb.go:260.52,262.2 1 0
github.com/relevant-community/oracle/x/oracle/types/query.pb.go:263.58,265.2 1 0
github.com/relevant-community/oracle/x/oracle/types/query.pb.go:269.59,270.14 1 0
github.com/relevant-community/oracle/x/oracle/types/query.pb.go:273.2,273.11 1 0
github.com/relevant-community/oracle/x/oracle/types/query.pb.go:270.14,272.3 1 0
github.com/relevant-community/oracle/x/oracle/types/query.pb.go:281.54,281.91 1 0
github.com/relevant-community/oracle/x/oracle/types/query.pb.go:282.54,282.91 1 0
github.com/relevant-community/oracle/x/oracle/types/query.pb.go:283.55,283.56 0 0
github.com/relevant-community/oracle/x/oracle/types/query.pb.go:284.65,286.2 1 0
github.com/relevant-community/oracle/x/oracle/types/query.pb.go:287.68,289.2 1 0
github.com/relevant-community/oracle/x/oracle/types/query.pb.go:290.96,291.19 1 0
github.com/relevant-community/oracle/x/oracle/types/query.pb.go:291.19,293.3 1 0
github.com/relevant-community/oracle/x/oracle/types/query.pb.go:293.8,296.17 3 0
github.com/relevant-community/oracle/x/oracle/types/query.pb.go:299.3,299.20 1 0
github.com/relevant-community/oracle/x/oracle/types/query.pb.go:296.17,298.4 1 0
github.com/relevant-community/oracle/x/oracle/types/query.pb.go:302.67,304.2 1 0
github.com/relevant-community/oracle/x/oracle/types/query.pb.go:305.53,307.2 1 0
github.com/relevant-community/oracle/x/oracle/types/query.pb.go:308.59,310.2 1 0
github.com/relevant-community/oracle/x/oracle/types/query.pb.go:314.66,315.14 1 0
github.com/relevant-community/oracle/x/oracle/types/query.pb.go:318.2,318.12 1 0
github.com/relevant-community/oracle/x/oracle/types/query.pb.go:315.14,317.3 1 0
github.com/relevant-community/oracle/x/oracle/types/query.pb.go:326.58,326.99 1 0
github.com/relevant-community/oracle/x/oracle/types/query.pb.go:327.58,327.95 1 0
github.com/relevant-community/oracle/x/oracle/types/query.pb.go:328.59,328.60 0 0
github.com/relevant-community/oracle/x/oracle/types/query.pb.go:329.69,331.2 1 0
github.com/relevant-community/oracle/x/oracle/types/query.pb.go:332.72,334.2 1 0
github.com/relevant-community/oracle/x/oracle/types/query.pb.go:335.100,336.19 1 0
github.com/relevant-community/oracle/x/oracle/types/query.pb.go:336.19,338.3 1 0
github.com/relevant-community/oracle/x/oracle/types/query.pb.go:338.8,341.17 3 0
github.com/relevant-community/oracle/x/oracle/types/query.pb.go:344.3,344.20 1 0
github.com/relevant-community/oracle/x/oracle/types/query.pb.go:341.17,343.4 1 0
github.com/relevant-community/oracle/x/oracle/types/query.pb.go:347.71,349.2 1 0
github.com/relevant-community/oracle/x/oracle/types/query.pb.go:350.57,352.2 1 0
github.com/relevant-community/oracle/x/oracle/types/query.pb.go:353.63,355.2 1 0
github.com/relevant-community/oracle/x/oracle/types/query.pb.go:359.64,360.14 1 0
github.com/relevant-community/oracle/x/oracle/types/query.pb.go:363.2,363.11 1 0
github.com/relevant-community/oracle/x/oracle/types/query.pb.go:360.14,362.3 1 0
github.com/relevant-community/oracle/x/oracle/types/query.pb.go:371.59,371.101 1 0
github.com/relevant-community/oracle/x/oracle/types/query.pb.go:372.59,372.96 1 0
github.com/relevant-community/oracle/x/oracle/types/query.pb.go:373.60,373.61 0 0
github.com/relevant-community/oracle/x/oracle/types/query.pb.go:374.70,376.2 1 0
github.com/relevant-community/oracle/x/oracle/types/query.pb.go:377.73,379.2 1 0
github.com/relevant-community/oracle/x/oracle/types/query.pb.go:380.101,381.19 1 0
github.com/relevant-community/oracle/x/oracle/types/query.pb.go:381.19,383.3 1 0
github.com/relevant-community/oracle/x/oracle/types/query.pb.go:383.8,386.17 3 0
github.com/relevant-community/oracle/x/oracle/types/query.pb.go:389.3,389.20 1 0
github.com/relevant-community/oracle/x/oracle/types/query.pb.go:386.17,388.4 1 0
github.com/relevant-community/oracle/x/oracle/types/query.pb.go:392.72,394.2 1 0
github.com/relevant-community/oracle/x/oracle/types/query.pb.go:395.58,397.2 1 0
github.com/relevant-community/oracle/x/oracle/types/query.pb.go:398.64,400.2 1 0
github.com/relevant-community/oracle/x/oracle/types/query.pb.go:404.74,405.14 1 0
github.com/relevant-community/oracle/x/oracle/types/query.pb.go:408.2,408.10 1 0
github.com/relevant-community/oracle/x/oracle/types/query.pb.go:405.14,407.3 1 0
github.com/relevant-community/oracle/x/oracle/types/query.pb.go:415.46,415.75 1 0
github.com/relevant-community/oracle/x/oracle/types/query.pb.go:416.46,416.83 1 0
github.com/relevant-community/oracle/x/oracle/types/query.pb.go:417.47,417.48 0 0
github.com/relevant-community/oracle/x/oracle/types/query.pb.go:418.57,420.2 1 0
github.com/relevant-community/oracle/x/oracle/types/query.pb.go:421.60,423.2 1 0
github.com/relevant-community/oracle/x/oracle/types/query.pb.go:424.88,425.19 1 0
github.com/relevant-community/oracle/x/oracle/types/query.pb.go:425.19,427.3 1 0
github.com/relevant-community/oracle/x/oracle/types/query.pb.go:427.8,430.17 3 0
github.com/relevant-community/oracle/x/oracle/types/query.pb.go:433.3,433.20 1 0
github.com/relevant-community/oracle/x/oracle/types/query.pb.go:430.17,432.4 1 0
github.com/relevant-community/oracle/x/oracle/types/query.pb.go:436.59,438.2 1 0
github.com/relevant-community/oracle/x/oracle/types/query.pb.go:439.45,441.2 1 0
github.com/relevant-community/oracle/x/oracle/types/query.pb.go:442.51,444.2 1 0
github.com/relevant-community/oracle/x/oracle/types/query.pb.go:453.47,453.77 1 0
github.com/relevant-community/oracle/x/oracle/types/query.pb.go:454.47,454.84 1 0
github.com/relevant-community/oracle/x/oracle/types/query.pb.go:455.48,455.49 0 0
github.com/relevant-community/oracle/x/oracle/types/query.pb.go:456.58,458.2 1 0
github.com/relevant-community/oracle/x/oracle/types/query.pb.go:459.61,461.2 1 0
github.com/relevant-community/oracle/x/oracle/types/query.pb.go:462.89,463.19 1 0
github.com/relevant-community/oracle/x/oracle/types/query.pb.go:463.19,465.3 1 0
github.com/relevant-community/oracle/x/oracle/types/query.pb.go:465.8,468.17 3 0
github.com/relevant-community/oracle/x/oracle/types/query.pb.go:471.3,471.20 1 0
github.com/relevant-community/oracle/x/oracle/types/query.pb.go:468.17,470.4 1 0
github.com/relevant-community/oracle/x/oracle/types/query.pb.go:474.60,476.2 1 0
github.com/relevant-community/oracle/x/oracle/types/query.pb.go:477.46,479.2 1 0
github.com/relevant-community/oracle/x/oracle/types/query.pb.go:480.52,482.2 1 0
github.com/relevant-community/oracle/x/oracle/types/query.pb.go:486.50,487.14 1 0
github.com/relevant-community/oracle/x/oracle/types/query.pb.go:490.2,490.17 1 0
github.com/relevant-community/oracle/x/oracle/types/query.pb.go:487.14,489.3 1 0
github.com/relevant-community/oracle/x/oracle/types/query.pb.go:498.45,498.73 1 0
github.com/relevant-community/oracle/x/oracle/types/query.pb.go:499.45,499.82 1 0
github.com/relevant-community/oracle/x/oracle/types/query.pb.go:500.46,500.47 0 0
github.com/relevant-community/oracle/x/oracle/types/query.pb.go:501.56,503.2 1 0
github.com/relevant-community/oracle/x/oracle/types/query.pb.go:504.59,506.2 1 0
github.com/relevant-community/oracle/x/oracle/types/query.pb.go:507.87,508.19 1 0
github.com/relevant-community/oracle/x/oracle/types/query.pb.go:508.19,510.3 1 0
github.com/relevant-community/oracle/x/oracle/types/query.pb.go:510.8,513.17 3 0
github.com/relevant-community/oracle/x/oracle/types/query.pb.go:516.3,516.20 1 0
github.com/relevant-community/oracle/x/oracle/types/query.pb.go:513.17,515.4 1 0
github.com/relevant-community/oracle/x/oracle/types/query.pb.go:519.58,521.2 1 0
github.com/relevant-community/oracle/x/oracle/types/query.pb.go:522.44,524.2 1 0
github.com/relevant-community/oracle/x/oracle/types/query.pb.go:525.50,527.2 1 0
github.com/relevant-community/oracle/x/oracle/types/query.pb.go:531.51,532.14 1 0
github.com/relevant-community/oracle/x/oracle/types/query.pb.go:535.2,535.11 1 0
github.com/relevant-community/oracle/x/oracle/types/query.pb.go:532.14,534.3 1 0
github.com/relevant-community/oracle/x/oracle/types/query.pb.go:544.46,544.75 1 0
github.com/relevant-community/oracle/x/oracle/types/query.pb.go:545.46,545.83 1 0
github.com/relevant-community/oracle/x/oracle/types/query.pb.go:546.47,546.48 0 0
github.com/relevant-community/oracle/x/oracle/types/query.pb.go:547.57,549.2 1 0
github.com/relevant-community/oracle/x/oracle/types/query.pb.go:550.60,552.2 1 0
github.com/relevant-community/oracle/x/oracle/types/query.pb.go:553.88,554.19 1 0
github.com/relevant-community/oracle/x/oracle/types/query.pb.go:554.19,556.3 1 0
github.com/relevant-community/oracle/x/oracle/types/query.pb.go:556.8,559.17 3 0
github.com/relevant-community/oracle/x/oracle/types/query.pb.go:562.3,562.20 1 0
github.com/relevant-community/oracle/x/oracle/types/query.pb.go:559.17,561.4 1 0
github.com/relevant-community/oracle/x/oracle/types/query.pb.go:565.59,567.2 1 0
github.com/relevant-community/oracle/x/oracle/types/query.pb.go:568.45,570.2 1 0
github.com/relevant-community/oracle/x/oracle/types/query.pb.go:571.51,573.2 1 0
github.com/relevant-community/oracle/x/oracle/types/query.pb.go:577.52,578.14 1 0
github.com/relevant-community/oracle/x/oracle/types/query.pb.go:581.2,581.12 1 0
github.com/relevant-community/oracle/x/oracle/types/query.pb.go:578.14,580.3 1 0
github.com/relevant-community/oracle/x/oracle/types/query.pb.go:589.49,589.81 1 0
github.com/relevant-community/oracle/x/oracle/types/query.pb.go:590.49,590.86 1 0
github.com/relevant-community/oracle/x/oracle/types/query.pb.go:591.50,591.51 0 0
github.com/relevant-community/oracle/x/oracle/types/query.pb.go:592.60,594.2 1 0
github.com/relevant-community/oracle/x/oracle/types/query.pb.go:595.63,597.2 1 0
github.com/relevant-community/oracle/x/oracle/types/query.pb.go:598.91,599.19 1 0
github.com/relevant-community/oracle/x/oracle/types/query.pb.go:599.19,601.3 1 0
github.com/relevant-community/oracle/x/oracle/types/query.pb.go:601.8,604.17 3 0
github.com/relevant-community/oracle/x/oracle/types/query.pb.go:607.3,607.20 1 0
github.com/relevant-community/oracle/x/oracle/types/query.pb.go:604.17,606.4 1 0
github.com/relevant-community/oracle/x/oracle/types/query.pb.go:610.62,612.2 1 0
github.com/relevant-community/oracle/x/oracle/types/query.pb.go:613.48,615.2 1 0
github.com/relevant-community/oracle/x/oracle/types/query.pb.go:616.54,618.2 1 0
github.com/relevant-community/oracle/x/oracle/types/query.pb.go:622.68,623.14 1 0
github.com/relevant-community/oracle/x/oracle/types/query.pb.go:626.2,626.12 1 0
github.com/relevant-community/oracle/x/oracle/types/query.pb.go:623.14,625.3 1 0
github.com/relevant-community/oracle/x/oracle/types/query.pb.go:635.50,635.83 1 0
github.com/relevant-community/oracle/x/oracle/types/query.pb.go:636.50,636.87 1 0
github.com/relevant-community/oracle/x/oracle/types/query.pb.go:637.51,637.52 0 0
github.com/relevant-community/oracle/x/oracle/types/query.pb.go:638.61,640.2 1 0
github.com/relevant-community/oracle/x/oracle/types/query.pb.go:641.64,643.2 1 0
github.com/relevant-community/oracle/x/oracle/types/query.pb.go:644.92,645.19 1 0
github.com/relevant-community/oracle/x/oracle/types/query.pb.go:645.19,647.3 1 0
github.com/relevant-community/oracle/x/oracle/types/query.pb.go:647.8,650.17 3 0
github.com/relevant-community/oracle/x/oracle/types/query.pb.go:653.3,653.20 1 0
github.com/relevant-community/oracle/x/oracle/types/query.pb.go:650.17,652.4 1 0
github.com/relevant-community/oracle/x/oracle/types/query.pb.go:656.63,658.2 1 0
github.com/relevant-community/oracle/x/oracle/types/query.pb.go:659.49,661.2 1 0
github.com/relevant-community/oracle/x/oracle/types/query.pb.go:662.55,664.2 1 0
github.com/relevant-community/oracle/x/oracle/types/query.pb.go:668.59,669.14 1 0
github.com/relevant-community/oracle/x/oracle/types/query.pb.go:672.2,672.12 1 0
github.com/relevant-community/oracle/x/oracle/types/query.pb.go:669.14,671.3 1 0
github.com/relevant-community/oracle/x/oracle/types/query.pb.go:675.70,676.14 1 0
github.com/relevant-community/oracle/x/oracle/types/query.pb.go:679.2,679.12 1 0
github.com/relevant-community/oracle/x/oracle/types/query.pb.go:676.14,678.3 1 0
github.com/relevant-community/oracle/x/oracle/types/query.pb.go:686.56,686.95 1 0
github.com/relevant-community/oracle/x/oracle/types/query.pb.go:687.56,687.93 1 0
github.com/relevant-community/oracle/x/oracle/types/query.pb.go:688.57,688.58 0 0
github.com/relevant-community/oracle/x/oracle/types/query.pb.go:689.67,691.2 1 0
github.com/relevant-community/oracle/x/oracle/types/query.pb.go:692.70,694.2 1 0
github.com/relevant-community/oracle/x/oracle/types/query.pb.go:695.98,696.19 1 0
github.com/relevant-community/oracle/x/oracle/types/query.pb.go:696.19,698.3 1 0
github.com/relevant-community/oracle/x/oracle/types/query.pb.go:698.8,701.17 3 0
github.com/relevant-community/oracle/x/oracle/types/query.pb.go:704.3,704.20 1 0
github.com/relevant-community/oracle/x/oracle/types/query.pb.go:701.17,703.4 1 0
github.com/relevant-community/oracle/x/oracle/types/query.pb.go:707.69,709.2 1 0
github.com/relevant-community/oracle/x/oracle/types/query.pb.go:710.55,712.2 1 0
github.com/relevant-community/oracle/x/oracle/types/query.pb.go:713.61,715.2 1 0
github.com/relevant-community/oracle/x/oracle/types/query.pb.go:719.61,720.14 1 0
github.com/relevant-community/oracle/x/oracle/types/query.pb.go:723.2,723.11 1 0
github.com/relevant-community/oracle/x/oracle/types/query.pb.go:720.14,722.3 1 0
github.com/relevant-community/oracle/x/oracle/types/query.pb.go:730.57,730.97 1 0
github.com/relevant-community/oracle/x/oracle/types/query.pb.go:731.57,731.94 1 0
github.com/relevant-community/oracle/x/oracle/types/query.pb.go:732.58,732.59 0 0
github.com/relevant-community/oracle/x/oracle/types/query.pb.go:733.68,735.2 1 0
github.com/relevant-community/oracle/x/oracle/types/query.pb.go:736.71,738.2 1 0
github.com/relevant-community/oracle/x/oracle/types/query.pb.go:739.99,740.19 1 0
github.com/relevant-community/oracle/x/oracle/types/query.pb.go:740.19,742.3 1 0
github.com/relevant-community/oracle/x/oracle/types/query.pb.go:742.8,745.17 3 0
github.com/relevant-community/oracle/x/oracle/types/query.pb.go:748.3,748.20 1 0
github.com/relevant-community/oracle/x/oracle/types/query.pb.go:745.17,747.4 1 0
github.com/relevant-community/oracle/x/oracle/types/query.pb.go:751.70,753.2 1 0
github.com/relevant-community/oracle/x/oracle/types/query.pb.go:754.56,756.2 1 0
github.com/relevant-community/oracle/x/oracle/types/query.pb.go:757.62,759.2 1 0
github.com/relevant-community/oracle/x/oracle/types/query.pb.go:763.63,764.14 1 0
github.com/relevant-community/oracle/x/oracle/types/query.pb.go:767.2,767.11 1 0
github.com/relevant-community/oracle/x/oracle/types/query.pb.go:764.14,766.3 1 0
github.com/relevant-community/oracle/x/oracle/types/query.pb.go:774.56,774.95 1 0
github.com/relevant-community/oracle/x/oracle/types/query.pb.go:775.56,775.93 1 0
github.com/relevant-community/oracle/x/oracle/types/query.pb.go:776.57,776.58 0 0
github.com/relevant-community/oracle/x/oracle/types/query.pb.go:777.67,779.2 1 0
github.com/relevant-community/oracle/x/oracle/types/query.pb.go:780.70,782.2 1 0
github.com/relevant-community/oracle/x/oracle/types/query.pb.go:783.98,784.19 1 0
github.com/relevant-community/oracle/x/oracle/types/query.pb.go:784.19,786.3 1 0
github.com/relevant-community/oracle/x/oracle/types/query.pb.go:786.8,789.17 3 0
github.com/relevant-community/oracle/x/oracle/types/query.pb.go:792.3,792.20 1 0
github.com/relevant-community/oracle/x/oracle/types/query.pb.go:789.17,791.4 1 0
github.com/relevant-community/oracle/x/oracle/types/query.pb.go:795.69,797.2 1 0
github.com/relevant-community/oracle/x/oracle/types/query.pb.go:798.55,800.2 1 0
github.com/relevant-community/oracle/x/oracle/types/query.pb.go:801.61,803.2 1 0
github.com/relevant-community/oracle/x/oracle/types/query.pb.go:807.62,808.14 1 0
github.com/relevant-community/oracle/x/oracle/types/query.pb.go:811.2,811.11 1 0
github.com/relevant-community/oracle/x/oracle/types/query.pb.go:808.14,810.3 1 0
github.com/relevant-community/oracle/x/oracle/types/query.pb.go:818.57,818.97 1 0
github.com/relevant-community/oracle/x/oracle/types/query.pb.go:819.57,819.94 1 0
github.com/relevant-community/oracle/x/oracle/types/query.pb.go:820.58,820.59 0 0
github.com/relevant-community/oracle/x/oracle/types/query.pb.go:821.68,823.2 1 0
github.com/relevant-community/oracle/x/oracle/types/query.pb.go:824.71,826.2 1 0
github.com/relevant-community/oracle/x/oracle/types/query.pb.go:827.99,828.19 1 0
github.com/relevant-community/oracle/x/oracle/types/query.pb.go:828.19,830.3 1 0
github.com/relevant-community/oracle/x/oracle/types/query.pb.go:830.8,833.17 3 0
github.com/relevant-community/oracle/x/oracle/types/query.pb.go:836.3,836.20 1 0
github.com/relevant-community/oracle/x/oracle/types/query.pb.go:833.17,835.4 1 0
github.com/relevant-community/oracle/x/oracle/types/query.pb.go:839.70,841.2 1 0
github.com/relevant-community/oracle/x/oracle/types/query.pb.go:842.56,844.2 1 0
github.com/relevant-community/oracle/x/oracle/types/query.pb.go:845.62,847.2 1 0
github.com/relevant-community/oracle/x/oracle/types/query.pb.go:851.62,852.14 1 0
github.com/relevant-community/oracle/x/oracle/types/query.pb.go:855.2,855.11 1 0
github.com/relevant-community/oracle/x/oracle/types/query.pb.go:852.14,854.3 1 0
github.com/relevant-community/oracle/x/oracle/types/query.pb.go:858.13,877.2 18 1
github.com/relevant-community/oracle/x/oracle/types/query.pb.go:879.13,879.90 1 1
github.com/relevant-community/oracle/x/oracle/types/query.pb.go:981.54,983.2 1 0
github.com/relevant-community/oracle/x/oracle/types/query.pb.go:985.130,988.16 3 0
github.com/relevant-community/oracle/x/oracle/types/query.pb.go:991.2,991.17 1 0
github.com/relevant-community/oracle/x/oracle/types/query.pb.go:988.16,990.3 1 0
github.com/relevant-community/oracle/x/oracle/types/query.pb.go:994.151,997.16 3 0
github.com/relevant-community/oracle/x/oracle/types/query.pb.go:1000.2,1000.17 1 0
github.com/relevant-community/oracle/x/oracle/types/query.pb.go:997.16,999.3 1 0
github.com/relevant-community/oracle/x/oracle/types/query.pb.go:1003.166,1006.16 3 0
github.com/relevant-community/oracle/x/oracle/types/query.pb.go:1009.2,1009.17 1 0
github.com/relevant-community/oracle/x/oracle/types/query.pb.go:1006.16,1008.3 1 0
github.com/relevant-community/oracle/x/oracle/types/query.pb.go:1012.127,1015.16 3 0
github.com/relevant-community/oracle/x/oracle/types/query.pb.go:1018.2,1018.17 1 0
github.com/relevant-community/oracle/x/oracle/types/query.pb.go:1015.16,1017.3 1 0
github.com/relevant-community/oracle/x/oracle/types/query.pb.go:1021.139,1024.16 3 0
github.com/relevant-community/oracle/x/oracle/types/query.pb.go:1027.2,1027.17 1 0
github.com/relevant-community/oracle/x/oracle/types/query.pb.go:1024.16,1026.3 1 0
github.com/relevant-community/oracle/x/oracle/types/query.pb.go:1030.139,1033.16 3 0
github.com/relevant-community/oracle/x/oracle/types/query.pb.go:1036.2,1036.17 1 0
github.com/relevant-community/oracle/x/oracle/types/query.pb.go:1033.16,1035.3 1 0
github.com/relevant-community/oracle/x/oracle/types/query.pb.go:1039.127,1042.16 3 0
github.com/relevant-community/oracle/x/oracle/types/query.pb.go:1045.2,1045.17 1 0
github.com/relevant-community/oracle/x/oracle/types/query.pb.go:1042.16,1044.3 1 0
github.com/relevant-community/oracle/x/oracle/types/query.pb.go:1048.165,1051.16 3 0
github.com/relevant-community/oracle/x/oracle/types/query.pb.go:1054.2,1054.17 1 0
github.com/relevant-community/oracle/x/oracle/types/query.pb.go:1051.16,1053.3 1 0
github.com/relevant-community/oracle/x/oracle/types/query.pb.go:1057.165,1060.16 3 0
github.com/relevant-community/oracle/x/oracle/types/query.pb.go:1063.2,1063.17 1 0
github.com/relevant-community/oracle/x/oracle/types/query.pb.go:1060.16,1062.3 1 0
github.com/relevant-community/oracle/x/oracle/types/query.pb.go:1090.117,1092.2 1 0
github.com/relevant-community/oracle/x/oracle/types/query.pb.go:1093.138,1095.2 1 0
github.com/relevant-community/oracle/x/oracle/types/query.pb.go:1096.153,1098.2 1 0
github.com/relevant-community/oracle/x/oracle/types/query.pb.go:1099.114,1101.2 1 0
github.com/relevant-community/oracle/x/oracle/types/query.pb.go:1102.126,1104.2 1 0
github.com/relevant-community/oracle/x/oracle/types/query.pb.go:1105.126,1107.2 1 0
github.com/relevant-community/oracle/x/oracle/types/query.pb.go:1108.114,1110.2 1 0
github.com/relevant-community/oracle/x/oracle/types/query.pb.go:1111.152,1113.2 1 0
github.com/relevant-community/oracle/x/oracle/types/query.pb.go:1114.152,1116.2 1 0
github.com/relevant-community/oracle/x/oracle/types/query.pb.go:1118.59,1120.2 1 0
github.com/relevant-community/oracle/x/oracle/types/query.pb.go:1122.157,1124.32 2 0
github.com/relevant-community/oracle/x/oracle/types/query.pb.go:1127.2,1127.24 1 0
github.com/relevant-community/oracle/x/oracle/types/query.pb.go:1130.2,1134.77 2 0
github.com/relevant-community/oracle/x/oracle/types/query.pb.go:1137.2,1137.44 1 0
github.com/relevant-community/oracle/x/oracle/types/query.pb.go:1124.32,1126.3 1 0
github.com/relevant-community/oracle/x/oracle/types/query.pb.go:1127.24,1129.3 1 0
github.com/relevant-community/oracle/x/oracle/types/query.pb.go:1134.77,1136.3 1 0
github.com/relevant-community/oracle/x/oracle/types/query.pb.go:1140.164,1142.32 2 0
github.com/relevant-community/oracle/x/oracle/types/query.pb.go:1145.2,1145.24 1 0
github.com/relevant-community/oracle/x/oracle/types/query.pb.go:1148.2,1152.77 2 0
github.com/relevant-community/oracle/x/oracle/types/query.pb.go:1155.2,1155.44 1 0
github.com/relevant-community/oracle/x/oracle/types/query.pb.go:1142.32,1144.3 1 0
github.com/relevant-community/oracle/x/oracle/types/query.pb.go:1145.24,1147.3 1 0
github.com/relevant-community/oracle/x/oracle/types/query.pb.go:1152.77,1154.3 1 0
github.com/relevant-community/oracle/x/oracle/types/query.pb.go:1158.169,1160.32 2 0
github.com/relevant-community/oracle/x/oracle/types/query.pb.go:1163.2,1163.24 1 0
github.com/relevant-community/oracle/x/oracle/types/query.pb.go:1166.2,1170.77 2 0
github.com/relevant-community/oracle/x/oracle/types/query.pb.go:1173.2,1173.44 1 0
github.com/relevant-community/oracle/x/oracle/types/query.pb.go:1160.32,1162.3 1 0
github.com/relevant-community/oracle/x/oracle/types/query.pb.go:1163.24,1165.3 1 0
github.com/relevant-community/oracle/x/oracle/types/query.pb.go:1170.77,1172.3 1 0
github.com/relevant-community/oracle/x/oracle/types/query.pb.go:1176.156,1178.32 2 0
github.com/relevant-community/oracle/x/oracle/types/query.pb.go:1181.2,1181.24 1 0
github.com/relevant-community/oracle/x/oracle/types/query.pb.go:1184.2,1188.77 2 0
github.com/relevant-community/oracle/x/oracle/types/query.pb.go:1191.2,1191.44 1 0
github.com/relevant-community/oracle/x/oracle/types/query.pb.go:1178.32,1180.3 1 0
github.com/relevant-community/oracle/x/oracle/types/query.pb.go:1181.24,1183.3 1 0
github.com/relevant-community/oracle/x/oracle/types/query.pb.go:1188.77,1190.3 1 0
github.com/relevant-community/oracle/x/oracle/types/query.pb.go:1194.160,1196.32 2 0
github.com/relevant-community/oracle/x/oracle/types/query.pb.go:1199.2,1199.24 1 0
github.com/relevant-community/oracle/x/oracle/types/query.pb.go:1202.2,1206.77 2 0
github.com/relevant-community/oracle/x/oracle/types/query.pb.go:1209.2,1209.44 1 0
github.com/relevant-community/oracle/x/oracle/types/query.pb.go:1196.32,1198.3 1 0
github.com/relevant-community/oracle/x/oracle/types/query.pb.go:1199.24,1201.3 1 0
github.com/relevant-community/oracle/x/oracle/types/query.pb.go:1206.77,1208.3 1 0
github.com/relevant-community/oracle/x/oracle/types/query.pb.go:1212.160,1214.32 2 0
github.com/relevant-community/oracle/x/oracle/types/query.pb.go:1217.2,1217.24 1 0
github.com/relevant-community/oracle/x/oracle/types/query.pb.go:1220.2,1224.77 2 0
github.com/relevant-community/oracle/x/oracle/types/query.pb.go:1227.2,1227.44 1 0
github.com/relevant-community/oracle/x/oracle/types/query.pb.go:1214.32,1216.3 1 0
github.com/relevant-community/oracle/x/oracle/types/query.pb.go:1217.24,1219.3 1 0
github.com/relevant-community/oracle/x/oracle/types/query.pb.go:1224.77,1226.3 1 0
github.com/relevant-community/oracle/x/oracle/types/query.pb.go:1230.156,1232.32 2 0
github.com/relevant-community/oracle/x/oracle/types/query.pb.go:1235.2,1235.24 1 0
github.com/relevant-community/oracle/x/oracle/types/query.pb.go:1238.2,1242.77 2 0
github.com/relevant-community/oracle/x/oracle/types/query.pb.go:1245.2,1245.44 1 0
github.com/relevant-community/oracle/x/oracle/types/query.pb.go:1232.32,1234.3 1 0
github.com/relevant-community/oracle/x/oracle/types/query.pb.go:1235.24,1237.3 1 0
github.com/relevant-community/oracle/x/oracle/types/query.pb.go:1242.77,1244.3 1 0
github.com/relevant-community/oracle/x/oracle/types/query.pb.go:1248.172,1250.32 2 0
github.com/relevant-community/oracle/x/oracle/types/query.pb.go:1253.2,1253.24 1 0
github.com/relevant-community/oracle/x/oracle/types/query.pb.go:1256.2,1260.77 2 0
github.com/relevant-community/oracle/x/oracle/types/query.pb.go:1263.2,1263.44 1 0
github.com/relevant-community/oracle/x/oracle/types/query.pb.go:1250.32,1252.3 1 0
github.com/relevant-community/oracle/x/oracle/types/query.pb.go:1253.24,1255.3 1 0
github.com/relevant-community/oracle/x/oracle/types/query.pb.go:1260.77,1262.3 1 0
github.com/relevant-community/oracle/x/oracle/types/query.pb.go:1266.172,1268.32 2 0
github.com/relevant-community/oracle/x/oracle/types/query.pb.go:1271.2,1271.24 1 0
github.com/relevant-community/oracle/x/oracle/types/query.pb.go:1274.2,1278.77 2 0
github.com/relevant-community/oracle/x/oracle/types/query.pb.go:1281.2,1281.44 1 0
github.com/relevant-community/oracle/x/oracle/types/query.pb.go:1268.32,1270.3 1 0
github.com/relevant-community/oracle/x/oracle/types/query.pb.go:1271.24,1273.3 1 0
github.com/relevant-community/oracle/x/oracle/types/query.pb.go:1278.77,1280.3 1 0
github.com/relevant-community/oracle/x/oracle/types/query.pb.go:1329.64,1333.16 4 0
github.com/relevant-community/oracle/x/oracle/types/query.pb.go:1336.2,1336.22 1 0
github.com/relevant-community/oracle/x/oracle/types/query.pb.go:1333.16,1335.3 1 0
github.com/relevant-community/oracle/x/oracle/types/query.pb.go:1339.65,1342.2 2 0
github.com/relevant-community/oracle/x/oracle/types/query.pb.go:1344.76,1349.20 5 0
github.com/relevant-community/oracle/x/oracle/types/query.pb.go:1354.2,1354.26 1 0
github.com/relevant-community/oracle/x/oracle/types/query.pb.go:1361.2,1361.27 1 0
github.com/relevant-community/oracle/x/oracle/types/query.pb.go:1349.20,1353.3 3 0
github.com/relevant-community/oracle/x/oracle/types/query.pb.go:1354.26,1360.3 5 0
github.com/relevant-community/oracle/x/oracle/types/query.pb.go:1364.65,1368.16 4 0
github.com/relevant-community/oracle/x/oracle/types/query.pb.go:1371.2,1371.22 1 0
github.com/relevant-community/oracle/x/oracle/types/query.pb.go:1368.16,1370.3 1 0
github.com/relevant-community/oracle/x/oracle/types/query.pb.go:1374.66,1377.2 2 0
github.com/relevant-community/oracle/x/oracle/types/query.pb.go:1379.77,1384.2 5 0
github.com/relevant-community/oracle/x/oracle/types/query.pb.go:1392.2,1394.27 3 0
github.com/relevant-community/oracle/x/oracle/types/query.pb.go:1384.2,1386.17 2 0
github.com/relevant-community/oracle/x/oracle/types/query.pb.go:1389.3,1390.47 2 0
github.com/relevant-community/oracle/x/oracle/types/query.pb.go:1386.17,1388.4 1 0
github.com/relevant-community/oracle/x/oracle/types/query.pb.go:1397.68,1401.16 4 0
github.com/relevant-community/oracle/x/oracle/types/query.pb.go:1404.2,1404.22 1 0
github.com/relevant-community/oracle/x/oracle/types/query.pb.go:1401.16,1403.3 1 0
github.com/relevant-community/oracle/x/oracle/types/query.pb.go:1407.69,1410.2 2 0
github.com/relevant-community/oracle/x/oracle/types/query.pb.go:1412.80,1417.25 5 0
github.com/relevant-community/oracle/x/oracle/types/query.pb.go:1429.2,1429.27 1 0
github.com/relevant-community/oracle/x/oracle/types/query.pb.go:1417.25,1418.3 1 0
github.com/relevant-community/oracle/x/oracle/types/query.pb.go:1426.3,1427.16 2 0
github.com/relevant-community/oracle/x/oracle/types/query.pb.go:1418.3,1420.18 2 0
github.com/relevant-community/oracle/x/oracle/types/query.pb.go:1423.4,1424.48 2 0
github.com/relevant-community/oracle/x/oracle/types/query.pb.go:1420.18,1422.5 1 0
github.com/relevant-community/oracle/x/oracle/types/query.pb.go:1432.69,1436.16 4 0
github.com/relevant-community/oracle/x/oracle/types/query.pb.go:1439.2,1439.22 1 0
github.com/relevant-community/oracle/x/oracle/types/query.pb.go:1436.16,1438.3 1 0
github.com/relevant-community/oracle/x/oracle/types/query.pb.go:1442.70,1445.2 2 0
github.com/relevant-community/oracle/x/oracle/types/query.pb.go:1447.81,1452.25 5 0
github.com/relevant-community/oracle/x/oracle/types/query.pb.go:1464.2,1464.23 1 0
github.com/relevant-community/oracle/x/oracle/types/query.pb.go:1478.2,1478.27 1 0
github.com/relevant-community/oracle/x/oracle/types/query.pb.go:1452.25,1453.3 1 0
github.com/relevant-community/oracle/x/oracle/types/query.pb.go:1461.3,1462.17 2 0
github.com/relevant-community/oracle/x/oracle/types/query.pb.go:1453.3,1455.18 2 0
github.com/relevant-community/oracle/x/oracle/types/query.pb.go:1458.4,1459.48 2 0
github.com/relevant-community/oracle/x/oracle/types/query.pb.go:1455.18,1457.5 1 0
github.com/relevant-community/oracle/x/oracle/types/query.pb.go:1464.23,1465.55 1 0
github.com/relevant-community/oracle/x/oracle/types/query.pb.go:1465.55,1466.4 1 0
github.com/relevant-community/oracle/x/oracle/types/query.pb.go:1474.4,1475.17 2 0
github.com/relevant-community/oracle/x/oracle/types/query.pb.go:1466.4,1468.19 2 0
github.com/relevant-community/oracle/x/oracle/types/query.pb.go:1471.5,1472.49 2 0
github.com/relevant-community/oracle/x/oracle/types/query.pb.go:1468.19,1470.6 1 0
github.com/relevant-community/oracle/x/oracle/types/query.pb.go:1481.72,1485.16 4 0
github.com/relevant-community/oracle/x/oracle/types/query.pb.go:1488.2,1488.22 1 0
github.com/relevant-community/oracle/x/oracle/types/query.pb.go:1485.16,1487.3 1 0
github.com/relevant-community/oracle/x/oracle/types/query.pb.go:1491.73,1494.2 2 0
github.com/relevant-community/oracle/x/oracle/types/query.pb.go:1496.84,1501.26 5 0
github.com/relevant-community/oracle/x/oracle/types/query.pb.go:1508.2,1508.27 1 0
github.com/relevant-community/oracle/x/oracle/types/query.pb.go:1501.26,1507.3 5 0
github.com/relevant-community/oracle/x/oracle/types/query.pb.go:1511.73,1515.16 4 0
github.com/relevant-community/oracle/x/oracle/types/query.pb.go:1518.2,1518.22 1 0
github.com/relevant-community/oracle/x/oracle/types/query.pb.go:1515.16,1517.3 1 0
github.com/relevant-community/oracle/x/oracle/types/query.pb.go:1521.74,1524.2 2 0
github.com/relevant-community/oracle/x/oracle/types/query.pb.go:1526.85,1531.30 5 0
github.com/relevant-community/oracle/x/oracle/types/query.pb.go:1549.2,1549.27 1 0
github.com/relevant-community/oracle/x/oracle/types/query.pb.go:1531.30,1534.39 3 0
github.com/relevant-community/oracle/x/oracle/types/query.pb.go:1543.3,1547.16 5 0
github.com/relevant-community/oracle/x/oracle/types/query.pb.go:1534.39,1535.20 1 0
github.com/relevant-community/oracle/x/oracle/types/query.pb.go:1540.4,1541.8 2 0
github.com/relevant-community/oracle/x/oracle/types/query.pb.go:1535.20,1539.5 3 0
github.com/relevant-community/oracle/x/oracle/types/query.pb.go:1552.77,1556.16 4 0
github.com/relevant-community/oracle/x/oracle/types/query.pb.go:1559.2,1559.22 1 0
github.com/relevant-community/oracle/x/oracle/types/query.pb.go:1556.16,1558.3 1 0
github.com/relevant-community/oracle/x/oracle/types/query.pb.go:1562.78,1565.2 2 0
github.com/relevant-community/oracle/x/oracle/types/query.pb.go:1567.89,1572.26 5 0
github.com/relevant-community/oracle/x/oracle/types/query.pb.go:1579.2,1579.27 1 0
github.com/relevant-community/oracle/x/oracle/types/query.pb.go:1572.26,1578.3 5 0
github.com/relevant-community/oracle/x/oracle/types/query.pb.go:1582.78,1586.16 4 0
github.com/relevant-community/oracle/x/oracle/types/query.pb.go:1589.2,1589.22 1 0
github.com/relevant-community/oracle/x/oracle/types/query.pb.go:1586.16,1588.3 1 0
github.com/relevant-community/oracle/x/oracle/types/query.pb.go:1592.79,1595.2 2 0
github.com/relevant-community/oracle/x/oracle/types/query.pb.go:1597.90,1602.31 5 0
github.com/relevant-community/oracle/x/oracle/types/query.pb.go:1607.2,1607.27 1 0
github.com/relevant-community/oracle/x/oracle/types/query.pb.go:1602.31,1606.3 3 0
github.com/relevant-community/oracle/x/oracle/types/query.pb.go:1610.65,1614.16 4 0
github.com/relevant-community/oracle/x/oracle/types/query.pb.go:1617.2,1617.22 1 0
github.com/relevant-community/oracle/x/oracle/types/query.pb.go:1614.16,1616.3 1 0
github.com/relevant-community/oracle/x/oracle/types/query.pb.go:1620.66,1623.2 2 0
github.com/relevant-community/oracle/x/oracle/types/query.pb.go:1625.77,1631.2 5 0
github.com/relevant-community/oracle/x/oracle/types/query.pb.go:1633.66,1637.16 4 0
github.com/relevant-community/oracle/x/oracle/types/query.pb.go:1640.2,1640.22 1 0
github.com/relevant-community/oracle/x/oracle/types/query.pb.go:1637.16,1639.3 1 0
github.com/relevant-community/oracle/x/oracle/types/query.pb.go:1643.67,1646.2 2 0
github.com/relevant-community/oracle/x/oracle/types/query.pb.go:1648.78,1653.2 5 0
github.com/relevant-community/oracle/x/oracle/types/query.pb.go:1661.2,1663.27 3 0
github.com/relevant-community/oracle/x/oracle/types/query.pb.go:1653.2,1655.17 2 0
github.com/relevant-community/oracle/x/oracle/types/query.pb.go:1658.3,1659.47 2 0
github.com/relevant-community/oracle/x/oracle/types/query.pb.go:1655.17,1657.4 1 0
github.com/relevant-community/oracle/x/oracle/types/query.pb.go:1666.64,1670.16 4 0
github.com/relevant-community/oracle/x/oracle/types/query.pb.go:1673.2,1673.22 1 0
github.com/relevant-community/oracle/x/oracle/types/query.pb.go:1670.16,1672.3 1 0
github.com/relevant-community/oracle/x/oracle/types/query.pb.go:1676.65,1679.2 2 0
github.com/relevant-community/oracle/x/oracle/types/query.pb.go:1681.76,1686.26 5 0
github.com/relevant-community/oracle/x/oracle/types/query.pb.go:1693.2,1693.27 1 0
github.com/relevant-community/oracle/x/oracle/types/query.pb.go:1686.26,1692.3 5 0
github.com/relevant-community/oracle/x/oracle/types/query.pb.go:1696.65,1700.16 4 0
github.com/relevant-community/oracle/x/oracle/types/query.pb.go:1703.2,1703.22 1 0
github.com/relevant-community/oracle/x/oracle/types/query.pb.go:1700.16,1702.3 1 0
github.com/relevant-community/oracle/x/oracle/types/query.pb.go:1706.66,1709.2 2 0
github.com/relevant-community/oracle/x/oracle/types/query.pb.go:1711.77,1716.20 5 0
github.com/relevant-community/oracle/x/oracle/types/query.pb.go:1728.2,1728.27 1 0
github.com/relevant-community/oracle/x/oracle/types/query.pb.go:1716.20,1717.3 1 0
github.com/relevant-community/oracle/x/oracle/types/query.pb.go:1725.3,1726.16 2 0
github.com/relevant-community/oracle/x/oracle/types/query.pb.go:1717.3,1719.18 2 0
github.com/relevant-community/oracle/x/oracle/types/query.pb.go:1722.4,1723.48 2 0
github.com/relevant-community/oracle/x/oracle/types/query.pb.go:1719.18,1721.5 1 0
github.com/relevant-community/oracle/x/oracle/types/query.pb.go:1731.68,1735.16 4 0
github.com/relevant-community/oracle/x/oracle/types/query.pb.go:1738.2,1738.22 1 0
github.com/relevant-community/oracle/x/oracle/types/query.pb.go:1735.16,1737.3 1 0
github.com/relevant-community/oracle/x/oracle/types/query.pb.go:1741.69,1744.2 2 0
github.com/relevant-community/oracle/x/oracle/types/query.pb.go:1746.80,1751.25 5 0
github.com/relevant-community/oracle/x/oracle/types/query.pb.go:1763.2,1763.27 1 0
github.com/relevant-community/oracle/x/oracle/types/query.pb.go:1751.25,1752.3 1 0
github.com/relevant-community/oracle/x/oracle/types/query.pb.go:1760.3,1761.16 2 0
github.com/relevant-community/oracle/x/oracle/types/query.pb.go:1752.3,1754.18 2 0
github.com/relevant-community/oracle/x/oracle/types/query.pb.go:1757.4,1758.48 2 0
github.com/relevant-community/oracle/x/oracle/types/query.pb.go:1754.18,1756.5 1 0
github.com/relevant-community/oracle/x/oracle/types/query.pb.go:1766.69,1770.16 4 0
github.com/relevant-community/oracle/x/oracle/types/query.pb.go:1773.2,1773.22 1 0
github.com/relevant-community/oracle/x/oracle/types/query.pb.go:1770.16,1772.3 1 0
github.com/relevant-community/oracle/x/oracle/types/query.pb.go:1776.70,1779.2 2 0
github.com/relevant-community/oracle/x/oracle/types/query.pb.go:1781.81,1786.25 5 0
github.com/relevant-community/oracle/x/oracle/types/query.pb.go:1798.2,1798.23 1 0
github.com/relevant-community/oracle/x/oracle/types/query.pb.go:1812.2,1812.27 1 0
github.com/relevant-community/oracle/x/oracle/types/query.pb.go:1786.25,1787.3 1 0
github.com/relevant-community/oracle/x/oracle/types/query.pb.go:1795.3,1796.17 2 0
github.com/relevant-community/oracle/x/oracle/types/query.pb.go:1787.3,1789.18 2 0
github.com/relevant-community/oracle/x/oracle/types/query.pb.go:1792.4,1793.48 2 0
github.com/relevant-community/oracle/x/oracle/types/query.pb.go:1789.18,1791.5 1 0
github.com/relevant-community/oracle/x/oracle/types/query.pb.go:1798.23,1799.55 1 0
github.com/relevant-community/oracle/x/oracle/types/query.pb.go:1799.55,1800.4 1 0
github.com/relevant-community/oracle/x/oracle/types/query.pb.go:1808.4,1809.17 2 0
github.com/relevant-community/oracle/x/oracle/types/query.pb.go:1800.4,1802.19 2 0
github.com/relevant-community/oracle/x/oracle/types/query.pb.go:1805.5,1806.49 2 0
github.com/relevant-community/oracle/x/oracle/types/query.pb.go:1802.19,1804.6 1 0
github.com/relevant-community/oracle/x/oracle/types/query.pb.go:1815.75,1819.16 4 0
github.com/relevant-community/oracle/x/oracle/types/query.pb.go:1822.2,1822.22 1 0
github.com/relevant-community/oracle/x/oracle/types/query.pb.go:1819.16,1821.3 1 0
github.com/relevant-community/oracle/x/oracle/types/query.pb.go:1825.76,1828.2 2 0
github.com/relevant-community/oracle/x/oracle/types/query.pb.go:1830.87,1835.25 5 0
github.com/relevant-community/oracle/x/oracle/types/query.pb.go:1842.2,1842.27 1 0
github.com/relevant-community/oracle/x/oracle/types/query.pb.go:1835.25,1841.3 5 0
github.com/relevant-community/oracle/x/oracle/types/query.pb.go:1845.76,1849.16 4 0
github.com/relevant-community/oracle/x/oracle/types/query.pb.go:1852.2,1852.22 1 0
github.com/relevant-community/oracle/x/oracle/types/query.pb.go:1849.16,1851.3 1 0
github.com/relevant-community/oracle/x/oracle/types/query.pb.go:1855.77,1858.2 2 0
github.com/relevant-community/oracle/x/oracle/types/query.pb.go:1860.88,1865.26 5 0
github.com/relevant-community/oracle/x/oracle/types/query.pb.go:1872.2,1872.27 1 0
github.com/relevant-community/oracle/x/oracle/types/query.pb.go:1865.26,1871.3 5 0
github.com/relevant-community/oracle/x/oracle/types/query.pb.go:1875.75,1879.16 4 0
github.com/relevant-community/oracle/x/oracle/types/query.pb.go:1882.2,1882.22 1 0
github.com/relevant-community/oracle/x/oracle/types/query.pb.go:1879.16,1881.3 1 0
github.com/relevant-community/oracle/x/oracle/types/query.pb.go:1885.76,1888.2 2 0
github.com/relevant-community/oracle/x/oracle/types/query.pb.go:1890.87,1895.26 5 0
github.com/relevant-community/oracle/x/oracle/types/query.pb.go:1902.2,1902.27 1 0
github.com/relevant-community/oracle/x/oracle/types/query.pb.go:1895.26,1901.3 5 0
github.com/relevant-community/oracle/x/oracle/types/query.pb.go:1905.76,1909.16 4 0
github.com/relevant-community/oracle/x/oracle/types/query.pb.go:1912.2,1912.22 1 0
github.com/relevant-community/oracle/x/oracle/types/query.pb.go:1909.16,1911.3 1 0
github.com/relevant-community/oracle/x/oracle/types/query.pb.go:1915.77,1918.2 2 0
github.com/relevant-community/oracle/x/oracle/types/query.pb.go:1920.88,1925.25 5 0
github.com/relevant-community/oracle/x/oracle/types/query.pb.go:1932.2,1932.27 1 0
github.com/relevant-community/oracle/x/oracle/types/query.pb.go:1925.25,1931.3 5 0
github.com/relevant-community/oracle/x/oracle/types/query.pb.go:1935.63,1938.16 3 0
github.com/relevant-community/oracle/x/oracle/types/query.pb.go:1943.2,1944.13 2 0
github.com/relevant-community/oracle/x/oracle/types/query.pb.go:1938.16,1942.3 3 0
github.com/relevant-community/oracle/x/oracle/types/query.pb.go:1946.44,1947.14 1 0
github.com/relevant-community/oracle/x/oracle/types/query.pb.go:1950.2,1953.11 4 0
github.com/relevant-community/oracle/x/oracle/types/query.pb.go:1956.2,1956.20 1 0
github.com/relevant-community/oracle/x/oracle/types/query.pb.go:1959.2,1959.10 1 0
github.com/relevant-community/oracle/x/oracle/types/query.pb.go:1947.14,1949.3 1 0
github.com/relevant-community/oracle/x/oracle/types/query.pb.go:1953.11,1955.3 1 0
github.com/relevant-community/oracle/x/oracle/types/query.pb.go:1956.20,1958.3 1 0
github.com/relevant-community/oracle/x/oracle/types/query.pb.go:1962.45,1963.14 1 0
github.com/relevant-community/oracle/x/oracle/types/query.pb.go:1966.2,1970.10 5 0
github.com/relevant-community/oracle/x/oracle/types/query.pb.go:1963.14,1965.3 1 0
github.com/relevant-community/oracle/x/oracle/types/query.pb.go:1973.48,1974.14 1 0
github.com/relevant-community/oracle/x/oracle/types/query.pb.go:1977.2,1979.25 3 0
github.com/relevant-community/oracle/x/oracle/types/query.pb.go:1983.2,1983.10 1 0
github.com/relevant-community/oracle/x/oracle/types/query.pb.go:1974.14,1976.3 1 0
github.com/relevant-community/oracle/x/oracle/types/query.pb.go:1979.25,1982.3 2 0
github.com/relevant-community/oracle/x/oracle/types/query.pb.go:1986.49,1987.14 1 0
github.com/relevant-community/oracle/x/oracle/types/query.pb.go:1990.2,1992.23 3 0
github.com/relevant-community/oracle/x/oracle/types/query.pb.go:1998.2,1998.25 1 0
github.com/relevant-community/oracle/x/oracle/types/query.pb.go:2002.2,2002.10 1 0
github.com/relevant-community/oracle/x/oracle/types/query.pb.go:1987.14,1989.3 1 0
github.com/relevant-community/oracle/x/oracle/types/query.pb.go:1992.23,1993.30 1 0
github.com/relevant-community/oracle/x/oracle/types/query.pb.go:1993.30,1996.4 2 0
github.com/relevant-community/oracle/x/oracle/types/query.pb.go:1998.25,2001.3 2 0
github.com/relevant-community/oracle/x/oracle/types/query.pb.go:2005.52,2006.14 1 0
github.com/relevant-community/oracle/x/oracle/types/query.pb.go:2009.2,2012.11 4 0
github.com/relevant-community/oracle/x/oracle/types/query.pb.go:2015.2,2015.10 1 0
github.com/relevant-community/oracle/x/oracle/types/query.pb.go:2006.14,2008.3 1 0
github.com/relevant-community/oracle/x/oracle/types/query.pb.go:2012.11,2014.3 1 0
github.com/relevant-community/oracle/x/oracle/types/query.pb.go:2018.53,2019.14 1 0
github.com/relevant-community/oracle/x/oracle/types/query.pb.go:2022.2,2024.30 3 0
github.com/relevant-community/oracle/x/oracle/types/query.pb.go:2031.2,2031.10 1 0
github.com/relevant-community/oracle/x/oracle/types/query.pb.go:2019.14,2021.3 1 0
github.com/relevant-community/oracle/x/oracle/types/query.pb.go:2024.30,2026.37 2 0
github.com/relevant-community/oracle/x/oracle/types/query.pb.go:2029.3,2029.35 1 0
github.com/relevant-community/oracle/x/oracle/types/query.pb.go:2026.37,2028.4 1 0
github.com/relevant-community/oracle/x/oracle/types/query.pb.go:2034.57,2035.14 1 0
github.com/relevant-community/oracle/x/oracle/types/query.pb.go:2038.2,2041.11 4 0
github.com/relevant-community/oracle/x/oracle/types/query.pb.go:2044.2,2044.10 1 0
github.com/relevant-community/oracle/x/oracle/types/query.pb.go:2035.14,2037.3 1 0
github.com/relevant-community/oracle/x/oracle/types/query.pb.go:2041.11,2043.3 1 0
github.com/relevant-community/oracle/x/oracle/types/query.pb.go:2047.58,2048.14 1 0
github.com/relevant-community/oracle/x/oracle/types/query.pb.go:2051.2,2053.31 3 0
github.com/relevant-community/oracle/x/oracle/types/query.pb.go:2056.2,2056.10 1 0
github.com/relevant-community/oracle/x/oracle/types/query.pb.go:2048.14,2050.3 1 0
github.com/relevant-community/oracle/x/oracle/types/query.pb.go:2053.31,2055.3 1 0
github.com/relevant-community/oracle/x/oracle/types/query.pb.go:2059.45,2060.14 1 0
github.com/relevant-community/oracle/x/oracle/types/query.pb.go:2063.2,2065.10 3 0
github.com/relevant-community/oracle/x/oracle/types/query.pb.go:2060.14,2062.3 1 0
github.com/relevant-community/oracle/x/oracle/types/query.pb.go:2068.46,2069.14 1 0
github.com/relevant-community/oracle/x/oracle/types/query.pb.go:2072.2,2076.10 5 0
github.com/relevant-community/oracle/x/oracle/types/query.pb.go:2069.14,2071.3 1 0
github.com/relevant-community/oracle/x/oracle/types/query.pb.go:2079.44,2080.14 1 0
github.com/relevant-community/oracle/x/oracle/types/query.pb.go:2083.2,2086.11 4 0
github.com/relevant-community/oracle/x/oracle/types/query.pb.go:2089.2,2089.10 1 0
github.com/relevant-community/oracle/x/oracle/types/query.pb.go:2080.14,2082.3 1 0
github.com/relevant-community/oracle/x/oracle/types/query.pb.go:2086.11,2088.3 1 0
github.com/relevant-community/oracle/x/oracle/types/query.pb.go:2092.45,2093.14 1 0
github.com/relevant-community/oracle/x/oracle/types/query.pb.go:2096.2,2098.20 3 0
github.com/relevant-community/oracle/x/oracle/types/query.pb.go:2102.2,2102.10 1 0
github.com/relevant-community/oracle/x/oracle/types/query.pb.go:2093.14,2095.3 1 0
github.com/relevant-community/oracle/x/oracle/types/query.pb.go:2098.20,2101.3 2 0
github.com/relevant-community/oracle/x/oracle/types/query.pb.go:2105.48,2106.14 1 0
github.com/relevant-community/oracle/x/oracle/types/query.pb.go:2109.2,2111.25 3 0
github.com/relevant-community/oracle/x/oracle/types/query.pb.go:2115.2,2115.10 1 0
github.com/relevant-community/oracle/x/oracle/types/query.pb.go:2106.14,2108.3 1 0
github.com/relevant-community/oracle/x/oracle/types/query.pb.go:2111.25,2114.3 2 0
github.com/relevant-community/oracle/x/oracle/types/query.pb.go:2118.49,2119.14 1 0
github.com/relevant-community/oracle/x/oracle/types/query.pb.go:2122.2,2124.23 3 0
github.com/relevant-community/oracle/x/oracle/types/query.pb.go:2130.2,2130.25 1 0
github.com/relevant-community/oracle/x/oracle/types/query.pb.go:2134.2,2134.10 1 0
github.com/relevant-community/oracle/x/oracle/types/query.pb.go:2119.14,2121.3 1 0
github.com/relevant-community/oracle/x/oracle/types/query.pb.go:2124.23,2125.30 1 0
github.com/relevant-community/oracle/x/oracle/types/query.pb.go:2125.30,2128.4 2 0
github.com/relevant-community/oracle/x/oracle/types/query.pb.go:2130.25,2133.3 2 0
github.com/relevant-community/oracle/x/oracle/types/query.pb.go:2137.55,2138.14 1 0
github.com/relevant-community/oracle/x/oracle/types/query.pb.go:2141.2,2144.11 4 0
github.com/relevant-community/oracle/x/oracle/types/query.pb.go:2147.2,2147.10 1 0
github.com/relevant-community/oracle/x/oracle/types/query.pb.go:2138.14,2140.3 1 0
github.com/relevant-community/oracle/x/oracle/types/query.pb.go:2144.11,2146.3 1 0
github.com/relevant-community/oracle/x/oracle/types/query.pb.go:2150.56,2151.14 1 0
github.com/relevant-community/oracle/x/oracle/types/query.pb.go:2154.2,2157.11 4 0
github.com/relevant-community/oracle/x/oracle/types/query.pb.go:2160.2,2160.10 1 0
github.com/relevant-community/oracle/x/oracle/types/query.pb.go:2151.14,2153.3 1 0
github.com/relevant-community/oracle/x/oracle/types/query.pb.go:2157.11,2159.3 1 0
github.com/relevant-community/oracle/x/oracle/types/query.pb.go:2163.55,2164.14 1 0
github.com/relevant-community/oracle/x/oracle/types/query.pb.go:2167.2,2170.11 4 0
github.com/relevant-community/oracle/x/oracle/types/query.pb.go:2173.2,2173.10 1 0
github.com/relevant-community/oracle/x/oracle/types/query.pb.go:2164.14,2166.3 1 0
github.com/relevant-community/oracle/x/oracle/types/query.pb.go:2170.11,2172.3 1 0
github.com/relevant-community/oracle/x/oracle/types/query.pb.go:2176.56,2177.14 1 0
github.com/relevant-community/oracle/x/oracle/types/query.pb.go:2180.2,2183.11 4 0
github.com/relevant-community/oracle/x/oracle/types/query.pb.go:2186.2,2186.10 1 0
github.com/relevant-community/oracle/x/oracle/types/query.pb.go:2177.14,2179.3 1 0
github.com/relevant-community/oracle/x/oracle/types/query.pb.go:2183.11,2185.3 1 0
github.com/relevant-community/oracle/x/oracle/types/query.pb.go:2189.33,2191.2 1 0
github.com/relevant-community/oracle/x/oracle/types/query.pb.go:2192.33,2194.2 1 0
github.com/relevant-community/oracle/x/oracle/types/query.pb.go:2195.58,2198.16 3 0
github.com/relevant-community/oracle/x/oracle/types/query.pb.go:2291.2,2291.15 1 0
github.com/relevant-community/oracle/x/oracle/types/query.pb.go:2294.2,2294.12 1 0
github.com/relevant-community/oracle/x/oracle/types/query.pb.go:2198.16,2201.38 3 0
github.com/relevant-community/oracle/x/oracle/types/query.pb.go:2215.3,2217.20 3 0
github.com/relevant-community/oracle/x/oracle/types/query.pb.go:2220.3,2220.20 1 0
github.com/relevant-community/oracle/x/oracle/types/query.pb.go:2223.3,2223.19 1 0
github.com/relevant-community/oracle/x/oracle/types/query.pb.go:2201.38,2202.19 1 0
github.com/relevant-community/oracle/x/oracle/types/query.pb.go:2205.4,2205.18 1 0
github.com/relevant-community/oracle/x/oracle/types/query.pb.go:2208.4,2211.16 4 0
github.com/relevant-community/oracle/x/oracle/types/query.pb.go:2202.19,2204.5 1 0
github.com/relevant-community/oracle/x/oracle/types/query.pb.go:2205.18,2207.5 1 0
github.com/relevant-community/oracle/x/oracle/types/query.pb.go:2211.16,2212.10 1 0
github.com/relevant-community/oracle/x/oracle/types/query.pb.go:2217.20,2219.4 1 0
github.com/relevant-community/oracle/x/oracle/types/query.pb.go:2220.20,2222.4 1 0
github.com/relevant-community/oracle/x/oracle/types/query.pb.go:2224.10,2225.21 1 0
github.com/relevant-community/oracle/x/oracle/types/query.pb.go:2228.4,2229.39 2 0
github.com/relevant-community/oracle/x/oracle/types/query.pb.go:2243.4,2244.24 2 0
github.com/relevant-community/oracle/x/oracle/types/query.pb.go:2247.4,2248.21 2 0
github.com/relevant-community/oracle/x/oracle/types/query.pb.go:2251.4,2251.21 1 0
github.com/relevant-community/oracle/x/oracle/types/query.pb.go:2254.4,2255.21 2 0
github.com/relevant-community/oracle/x/oracle/types/query.pb.go:2256.10,2257.21 1 0
github.com/relevant-community/oracle/x/oracle/types/query.pb.go:2260.4,2261.39 2 0
github.com/relevant-community/oracle/x/oracle/types/query.pb.go:2275.11,2278.18 3 0
github.com/relevant-community/oracle/x/oracle/types/query.pb.go:2281.4,2281.42 1 0
github.com/relevant-community/oracle/x/oracle/types/query.pb.go:2284.4,2284.28 1 0
github.com/relevant-community/oracle/x/oracle/types/query.pb.go:2287.4,2287.19 1 0
github.com/relevant-community/oracle/x/oracle/types/query.pb.go:2225.21,2227.5 1 0
github.com/relevant-community/oracle/x/oracle/types/query.pb.go:2229.39,2230.20 1 0
github.com/relevant-community/oracle/x/oracle/types/query.pb.go:2233.5,2233.19 1 0
github.com/relevant-community/oracle/x/oracle/types/query.pb.go:2236.5,2239.17 4 0
github.com/relevant-community/oracle/x/oracle/types/query.pb.go:2230.20,2232.6 1 0
github.com/relevant-community/oracle/x/oracle/types/query.pb.go:2233.19,2235.6 1 0
github.com/relevant-community/oracle/x/oracle/types/query.pb.go:2239.17,2240.11 1 0
github.com/relevant-community/oracle/x/oracle/types/query.pb.go:2244.24,2246.5 1 0
github.com/relevant-community/oracle/x/oracle/types/query.pb.go:2248.21,2250.5 1 0
github.com/relevant-community/oracle/x/oracle/types/query.pb.go:2251.21,2253.5 1 0
github.com/relevant-community/oracle/x/oracle/types/query.pb.go:2257.21,2259.5 1 0
github.com/relevant-community/oracle/x/oracle/types/query.pb.go:2261.39,2262.20 1 0
github.com/relevant-community/oracle/x/oracle/types/query.pb.go:2265.5,2265.19 1 0
github.com/relevant-community/oracle/x/oracle/types/query.pb.go:2268.5,2271.17 4 0
github.com/relevant-community/oracle/x/oracle/types/query.pb.go:2262.20,2264.6 1 0
github.com/relevant-community/oracle/x/oracle/types/query.pb.go:2265.19,2267.6 1 0
github.com/relevant-community/oracle/x/oracle/types/query.pb.go:2271.17,2272.11 1 0
github.com/relevant-community/oracle/x/oracle/types/query.pb.go:2278.18,2280.5 1 0
github.com/relevant-community/oracle/x/oracle/types/query.pb.go:2281.42,2283.5 1 0
github.com/relevant-community/oracle/x/oracle/types/query.pb.go:2284.28,2286.5 1 0
github.com/relevant-community/oracle/x/oracle/types/query.pb.go:2291.15,2293.3 1 0
github.com/relevant-community/oracle/x/oracle/types/query.pb.go:2296.59,2299.16 3 0
github.com/relevant-community/oracle/x/oracle/types/query.pb.go:2374.2,2374.15 1 0
github.com/relevant-community/oracle/x/oracle/types/query.pb.go:2377.2,2377.12 1 0
github.com/relevant-community/oracle/x/oracle/types/query.pb.go:2299.16,2302.38 3 0
github.com/relevant-community/oracle/x/oracle/types/query.pb.go:2316.3,2318.20 3 0
github.com/relevant-community/oracle/x/oracle/types/query.pb.go:2321.3,2321.20 1 0
github.com/relevant-community/oracle/x/oracle/types/query.pb.go:2324.3,2324.19 1 0
github.com/relevant-community/oracle/x/oracle/types/query.pb.go:2302.38,2303.19 1 0
github.com/relevant-community/oracle/x/oracle/types/query.pb.go:2306.4,2306.18 1 0
github.com/relevant-community/oracle/x/oracle/types/query.pb.go:2309.4,2312.16 4 0
github.com/relevant-community/oracle/x/oracle/types/query.pb.go:2303.19,2305.5 1 0
github.com/relevant-community/oracle/x/oracle/types/query.pb.go:2306.18,2308.5 1 0
github.com/relevant-community/oracle/x/oracle/types/query.pb.go:2312.16,2313.10 1 0
github.com/relevant-community/oracle/x/oracle/types/query.pb.go:2318.20,2320.4 1 0
github.com/relevant-community/oracle/x/oracle/types/query.pb.go:2321.20,2323.4 1 0
github.com/relevant-community/oracle/x/oracle/types/query.pb.go:2325.10,2326.21 1 0
github.com/relevant-community/oracle/x/oracle/types/query.pb.go:2329.4,2330.39 2 0
github.com/relevant-community/oracle/x/oracle/types/query.pb.go:2344.4,2344.18 1 0
github.com/relevant-community/oracle/x/oracle/types/query.pb.go:2347.4,2348.21 2 0
github.com/relevant-community/oracle/x/oracle/types/query.pb.go:2351.4,2351.21 1 0
github.com/relevant-community/oracle/x/oracle/types/query.pb.go:2354.4,2354.67 1 0
github.com/relevant-community/oracle/x/oracle/types/query.pb.go:2357.4,2357.21 1 0
github.com/relevant-community/oracle/x/oracle/types/query.pb.go:2358.11,2361.18 3 0
github.com/relevant-community/oracle/x/oracle/types/query.pb.go:2364.4,2364.42 1 0
github.com/relevant-community/oracle/x/oracle/types/query.pb.go:2367.4,2367.28 1 0
github.com/relevant-community/oracle/x/oracle/types/query.pb.go:2370.4,2370.19 1 0
github.com/relevant-community/oracle/x/oracle/types/query.pb.go:2326.21,2328.5 1 0
github.com/relevant-community/oracle/x/oracle/types/query.pb.go:2330.39,2331.20 1 0
github.com/relevant-community/oracle/x/oracle/types/query.pb.go:2334.5,2334.19 1 0
github.com/relevant-community/oracle/x/oracle/types/query.pb.go:2337.5,2340.17 4 0
github.com/relevant-community/oracle/x/oracle/types/query.pb.go:2331.20,2333.6 1 0
github.com/relevant-community/oracle/x/oracle/types/query.pb.go:2334.19,2336.6 1 0
github.com/relevant-community/oracle/x/oracle/types/query.pb.go:2340.17,2341.11 1 0
github.com/relevant-community/oracle/x/oracle/types/query.pb.go:2344.18,2346.5 1 0
github.com/relevant-community/oracle/x/oracle/types/query.pb.go:2348.21,2350.5 1 0
github.com/relevant-community/oracle/x/oracle/types/query.pb.go:2351.21,2353.5 1 0
github.com/relevant-community/oracle/x/oracle/types/query.pb.go:2354.67,2356.5 1 0
github.com/relevant-community/oracle/x/oracle/types/query.pb.go:2361.18,2363.5 1 0
github.com/relevant-community/oracle/x/oracle/types/query.pb.go:2364.42,2366.5 1 0
github.com/relevant-community/oracle/x/oracle/types/query.pb.go:2367.28,2369.5 1 0
github.com/relevant-community/oracle/x/oracle/types/query.pb.go:2374.15,2376.3 1 0
github.com/relevant-community/oracle/x/oracle/types/query.pb.go:2379.62,2382.16 3 0
github.com/relevant-community/oracle/x/oracle/types/query.pb.go:2460.2,2460.15 1 0
github.com/relevant-community/oracle/x/oracle/types/query.pb.go:2463.2,2463.12 1 0
github.com/relevant-community/oracle/x/oracle/types/query.pb.go:2382.16,2385.38 3 0
github.com/relevant-community/oracle/x/oracle/types/query.pb.go:2399.3,2401.20 3 0
github.com/relevant-community/oracle/x/oracle/types/query.pb.go:2404.3,2404.20 1 0
github.com/relevant-community/oracle/x/oracle/types/query.pb.go:2407.3,2407.19 1 0
github.com/relevant-community/oracle/x/oracle/types/query.pb.go:2385.38,2386.19 1 0
github.com/relevant-community/oracle/x/oracle/types/query.pb.go:2389.4,2389.18 1 0
github.com/relevant-community/oracle/x/oracle/types/query.pb.go:2392.4,2395.16 4 0
github.com/relevant-community/oracle/x/oracle/types/query.pb.go:2386.19,2388.5 1 0
github.com/relevant-community/oracle/x/oracle/types/query.pb.go:2389.18,2391.5 1 0
github.com/relevant-community/oracle/x/oracle/types/query.pb.go:2395.16,2396.10 1 0
github.com/relevant-community/oracle/x/oracle/types/query.pb.go:2401.20,2403.4 1 0
github.com/relevant-community/oracle/x/oracle/types/query.pb.go:2404.20,2406.4 1 0
github.com/relevant-community/oracle/x/oracle/types/query.pb.go:2408.10,2409.21 1 0
github.com/relevant-community/oracle/x/oracle/types/query.pb.go:2412.4,2413.39 2 0
github.com/relevant-community/oracle/x/oracle/types/query.pb.go:2427.4,2427.18 1 0
github.com/relevant-community/oracle/x/oracle/types/query.pb.go:2430.4,2431.21 2 0
github.com/relevant-community/oracle/x/oracle/types/query.pb.go:2434.4,2434.21 1 0
github.com/relevant-community/oracle/x/oracle/types/query.pb.go:2437.4,2437.27 1 0
github.com/relevant-community/oracle/x/oracle/types/query.pb.go:2440.4,2440.72 1 0
github.com/relevant-community/oracle/x/oracle/types/query.pb.go:2443.4,2443.21 1 0
github.com/relevant-community/oracle/x/oracle/types/query.pb.go:2444.11,2447.18 3 0
github.com/relevant-community/oracle/x/oracle/types/query.pb.go:2450.4,2450.42 1 0
github.com/relevant-community/oracle/x/oracle/types/query.pb.go:2453.4,2453.28 1 0
github.com/relevant-community/oracle/x/oracle/types/query.pb.go:2456.4,2456.19 1 0
github.com/relevant-community/oracle/x/oracle/types/query.pb.go:2409.21,2411.5 1 0
github.com/relevant-community/oracle/x/oracle/types/query.pb.go:2413.39,2414.20 1 0
github.com/relevant-community/oracle/x/oracle/types/query.pb.go:2417.5,2417.19 1 0
github.com/relevant-community/oracle/x/oracle/types/query.pb.go:2420.5,2423.17 4 0
github.com/relevant-community/oracle/x/oracle/types/query.pb.go:2414.20,2416.6 1 0
github.com/relevant-community/oracle/x/oracle/types/query.pb.go:2417.19,2419.6 1 0
github.com/relevant-community/oracle/x/oracle/types/query.pb.go:2423.17,2424.11 1 0
github.com/relevant-community/oracle/x/oracle/types/query.pb.go:2427.18,2429.5 1 0
github.com/relevant-community/oracle/x/oracle/types/query.pb.go:2431.21,2433.5 1 0
github.com/relevant-community/oracle/x/oracle/types/query.pb.go:2434.21,2436.5 1 0
github.com/relevant-community/oracle/x/oracle/types/query.pb.go:2437.27,2439.5 1 0
github.com/relevant-community/oracle/x/oracle/types/query.pb.go:2440.72,2442.5 1 0
github.com/relevant-community/oracle/x/oracle/types/query.pb.go:2447.18,2449.5 1 0
github.com/relevant-community/oracle/x/oracle/types/query.pb.go:2450.42,2452.5 1 0
github.com/relevant-community/oracle/x/oracle/types/query.pb.go:2453.28,2455.5 1 0
github.com/relevant-community/oracle/x/oracle/types/query.pb.go:2460.15,2462.3 1 0
github.com/relevant-community/oracle/x/oracle/types/query.pb.go:2465.63,2468.16 3 0
github.com/relevant-community/oracle/x/oracle/types/query.pb.go:2580.2,2580.15 1 0
github.com/relevant-community/oracle/x/oracle/types/query.pb.go:2583.2,2583.12 1 0
github.com/relevant-community/oracle/x/oracle/types/query.pb.go:2468.16,2471.38 3 0
github.com/relevant-community/oracle/x/oracle/types/query.pb.go:2485.3,2487.20 3 0
github.com/relevant-community/oracle/x/oracle/types/query.pb.go:2490.3,2490.20 1 0
github.com/relevant-community/oracle/x/oracle/types/query.pb.go:2493.3,2493.19 1 0
github.com/relevant-community/oracle/x/oracle/types/query.pb.go:2471.38,2472.19 1 0
github.com/relevant-community/oracle/x/oracle/types/query.pb.go:2475.4,2475.18 1 0
github.com/relevant-community/oracle/x/oracle/types/query.pb.go:2478.4,2481.16 4 0
github.com/relevant-community/oracle/x/oracle/types/query.pb.go:2472.19,2474.5 1 0
github.com/relevant-community/oracle/x/oracle/types/query.pb.go:2475.18,2477.5 1 0
github.com/relevant-community/oracle/x/oracle/types/query.pb.go:2481.16,2482.10 1 0
github.com/relevant-community/oracle/x/oracle/types/query.pb.go:2487.20,2489.4 1 0
github.com/relevant-community/oracle/x/oracle/types/query.pb.go:2490.20,2492.4 1 0
github.com/relevant-community/oracle/x/oracle/types/query.pb.go:2494.10,2495.21 1 0
github.com/relevant-community/oracle/x/oracle/types/query.pb.go:2498.4,2499.39 2 0
github.com/relevant-community/oracle/x/oracle/types/query.pb.go:2513.4,2513.18 1 0
github.com/relevant-community/oracle/x/oracle/types/query.pb.go:2516.4,2517.21 2 0
github.com/relevant-community/oracle/x/oracle/types/query.pb.go:2520.4,2520.21 1 0
github.com/relevant-community/oracle/x/oracle/types/query.pb.go:2523.4,2524.85 2 0
github.com/relevant-community/oracle/x/oracle/types/query.pb.go:2527.4,2527.21 1 0
github.com/relevant-community/oracle/x/oracle/types/query.pb.go:2528.10,2529.21 1 0
github.com/relevant-community/oracle/x/oracle/types/query.pb.go:2532.4,2533.39 2 0
github.com/relevant-community/oracle/x/oracle/types/query.pb.go:2547.4,2547.18 1 0
github.com/relevant-community/oracle/x/oracle/types/query.pb.go:2550.4,2551.21 2 0
github.com/relevant-community/oracle/x/oracle/types/query.pb.go:2554.4,2554.21 1 0
github.com/relevant-community/oracle/x/oracle/types/query.pb.go:2557.4,2557.27 1 0
github.com/relevant-community/oracle/x/oracle/types/query.pb.go:2560.4,2560.72 1 0
github.com/relevant-community/oracle/x/oracle/types/query.pb.go:2563.4,2563.21 1 0
github.com/relevant-community/oracle/x/oracle/types/query.pb.go:2564.11,2567.18 3 0
github.com/relevant-community/oracle/x/oracle/types/query.pb.go:2570.4,2570.42 1 0
github.com/relevant-community/oracle/x/oracle/types/query.pb.go:2573.4,2573.28 1 0
github.com/relevant-community/oracle/x/oracle/types/query.pb.go:2576.4,2576.19 1 0
github.com/relevant-community/oracle/x/oracle/types/query.pb.go:2495.21,2497.5 1 0
github.com/relevant-community/oracle/x/oracle/types/query.pb.go:2499.39,2500.20 1 0
github.com/relevant-community/oracle/x/oracle/types/query.pb.go:2503.5,2503.19 1 0
github.com/relevant-community/oracle/x/oracle/types/query.pb.go:2506.5,2509.17 4 0
github.com/relevant-community/oracle/x/oracle/types/query.pb.go:2500.20,2502.6 1 0
github.com/relevant-community/oracle/x/oracle/types/query.pb.go:2503.19,2505.6 1 0
github.com/relevant-community/oracle/x/oracle/types/query.pb.go:2509.17,2510.11 1 0
github.com/relevant-community/oracle/x/oracle/types/query.pb.go:2513.18,2515.5 1 0
github.com/relevant-community/oracle/x/oracle/types/query.pb.go:2517.21,2519.5 1 0
github.com/relevant-community/oracle/x/oracle/types/query.pb.go:2520.21,2522.5 1 0
github.com/relevant-community/oracle/x/oracle/types/query.pb.go:2524.85,2526.5 1 0
github.com/relevant-community/oracle/x/oracle/types/query.pb.go:2529.21,2531.5 1 0
github.com/relevant-community/oracle/x/oracle/types/query.pb.go:2533.39,2534.20 1 0
github.com/relevant-community/oracle/x/oracle/types/query.pb.go:2537.5,2537.19 1 0
github.com/relevant-community/oracle/x/oracle/types/query.pb.go:2540.5,2543.17 4 0
github.com/relevant-community/oracle/x/oracle/types/query.pb.go:2534.20,2536.6 1 0
github.com/relevant-community/oracle/x/oracle/types/query.pb.go:2537.19,2539.6 1 0
github.com/relevant-community/oracle/x/oracle/types/query.pb.go:2543.17,2544.11 1 0
github.com/relevant-community/oracle/x/oracle/types/query.pb.go:2547.18,2549.5 1 0
github.com/relevant-community/oracle/x/oracle/types/query.pb.go:2551.21,2553.5 1 0
github.com/relevant-community/oracle/x/oracle/types/query.pb.go:2554.21,2556.5 1 0
github.com/relevant-community/oracle/x/oracle/types/query.pb.go:2557.27,2559.5 1 0
github.com/relevant-community/oracle/x/oracle/types/query.pb.go:2560.72,2562.5 1 0
github.com/relevant-community/oracle/x/oracle/types/query.pb.go:2567.18,2569.5 1 0
github.com/relevant-community/oracle/x/oracle/types/query.pb.go:2570.42,2572.5 1 0
github.com/relevant-community/oracle/x/oracle/types/query.pb.go:2573.28,2575.5 1 0
github.com/relevant-community/oracle/x/oracle/types/query.pb.go:2580.15,2582.3 1 0
github.com/relevant-community/oracle/x/oracle/types/query.pb.go:2585.66,2588.16 3 0
github.com/relevant-community/oracle/x/oracle/types/query.pb.go:2662.2,2662.15 1 0
github.com/relevant-community/oracle/x/oracle/types/query.pb.go:2665.2,2665.12 1 0
github.com/relevant-community/oracle/x/oracle/types/query.pb.go:2588.16,2591.38 3 0
github.com/relevant-community/oracle/x/oracle/types/query.pb.go:2605.3,2607.20 3 0
github.com/relevant-community/oracle/x/oracle/types/query.pb.go:2610.3,2610.20 1 0
github.com/relevant-community/oracle/x/oracle/types/query.pb.go:2613.3,2613.19 1 0
github.com/relevant-community/oracle/x/oracle/types/query.pb.go:2591.38,2592.19 1 0
github.com/relevant-community/oracle/x/oracle/types/query.pb.go:2595.4,2595.18 1 0
github.com/relevant-community/oracle/x/oracle/types/query.pb.go:2598.4,2601.16 4 0
github.com/relevant-community/oracle/x/oracle/types/query.pb.go:2592.19,2594.5 1 0
github.com/relevant-community/oracle/x/oracle/types/query.pb.go:2595.18,2597.5 1 0
github.com/relevant-community/oracle/x/oracle/types/query.pb.go:2601.16,2602.10 1 0
github.com/relevant-community/oracle/x/oracle/types/query.pb.go:2607.20,2609.4 1 0
github.com/relevant-community/oracle/x/oracle/types/query.pb.go:2610.20,2612.4 1 0
github.com/relevant-community/oracle/x/oracle/types/query.pb.go:2614.10,2615.21 1 0
github.com/relevant-community/oracle/x/oracle/types/query.pb.go:2618.4,2619.39 2 0
github.com/relevant-community/oracle/x/oracle/types/query.pb.go:2633.4,2634.24 2 0
github.com/relevant-community/oracle/x/oracle/types/query.pb.go:2637.4,2638.21 2 0
github.com/relevant-community/oracle/x/oracle/types/query.pb.go:2641.4,2641.21 1 0
github.com/relevant-community/oracle/x/oracle/types/query.pb.go:2644.4,2645.21 2 0
github.com/relevant-community/oracle/x/oracle/types/query.pb.go:2646.11,2649.18 3 0
github.com/relevant-community/oracle/x/oracle/types/query.pb.go:2652.4,2652.42 1 0
github.com/relevant-community/oracle/x/oracle/types/query.pb.go:2655.4,2655.28 1 0
github.com/relevant-community/oracle/x/oracle/types/query.pb.go:2658.4,2658.19 1 0
github.com/relevant-community/oracle/x/oracle/types/query.pb.go:2615.21,2617.5 1 0
github.com/relevant-community/oracle/x/oracle/types/query.pb.go:2619.39,2620.20 1 0
github.com/relevant-community/oracle/x/oracle/types/query.pb.go:2623.5,2623.19 1 0
github.com/relevant-community/oracle/x/oracle/types/query.pb.go:2626.5,2629.17 4 0
github.com/relevant-community/oracle/x/oracle/types/query.pb.go:2620.20,2622.6 1 0
github.com/relevant-community/oracle/x/oracle/types/query.pb.go:2623.19,2625.6 1 0
github.com/relevant-community/oracle/x/oracle/types/query.pb.go:2629.17,2630.11 1 0
github.com/relevant-community/oracle/x/oracle/types/query.pb.go:2634.24,2636.5 1 0
github.com/relevant-community/oracle/x/oracle/types/query.pb.go:2638.21,2640.5 1 0
github.com/relevant-community/oracle/x/oracle/types/query.pb.go:2641.21,2643.5 1 0
github.com/relevant-community/oracle/x/oracle/types/query.pb.go:2649.18,2651.5 1 0
github.com/relevant-community/oracle/x/oracle/types/query.pb.go:2652.42,2654.5 1 0
github.com/relevant-community/oracle/x/oracle/types/query.pb.go:2655.28,2657.5 1 0
github.com/relevant-community/oracle/x/oracle/types/query.pb.go:2662.15,2664.3 1 0
github.com/relevant-community/oracle/x/oracle/types/query.pb.go:2667.67,2670.16 3 0
github.com/relevant-community/oracle/x/oracle/types/query.pb.go:2788.2,2788.15 1 0
github.com/relevant-community/oracle/x/oracle/types/query.pb.go:2791.2,2791.12 1 0
github.com/relevant-community/oracle/x/oracle/types/query.pb.go:2670.16,2673.38 3 0
github.com/relevant-community/oracle/x/oracle/types/query.pb.go:2687.3,2689.20 3 0
github.com/relevant-community/oracle/x/oracle/types/query.pb.go:2692.3,2692.20 1 0
github.com/relevant-community/oracle/x/oracle/types/query.pb.go:2695.3,2695.19 1 0
github.com/relevant-community/oracle/x/oracle/types/query.pb.go:2673.38,2674.19 1 0
github.com/relevant-community/oracle/x/oracle/types/query.pb.go:2677.4,2677.18 1 0
github.com/relevant-community/oracle/x/oracle/types/query.pb.go:2680.4,2683.16 4 0
github.com/relevant-community/oracle/x/oracle/types/query.pb.go:2674.19,2676.5 1 0
github.com/relevant-community/oracle/x/oracle/types/query.pb.go:2677.18,2679.5 1 0
github.com/relevant-community/oracle/x/oracle/types/query.pb.go:2683.16,2684.10 1 0
github.com/relevant-community/oracle/x/oracle/types/query.pb.go:2689.20,2691.4 1 0
github.com/relevant-community/oracle/x/oracle/types/query.pb.go:2692.20,2694.4 1 0
github.com/relevant-community/oracle/x/oracle/types/query.pb.go:2696.10,2697.21 1 0
github.com/relevant-community/oracle/x/oracle/types/query.pb.go:2772.11,2775.18 3 0
github.com/relevant-community/oracle/x/oracle/types/query.pb.go:2778.4,2778.42 1 0
github.com/relevant-community/oracle/x/oracle/types/query.pb.go:2781.4,2781.28 1 0
github.com/relevant-community/oracle/x/oracle/types/query.pb.go:2784.4,2784.19 1 0
github.com/relevant-community/oracle/x/oracle/types/query.pb.go:2697.21,2699.40 2 0
github.com/relevant-community/oracle/x/oracle/types/query.pb.go:2713.5,2713.49 1 0
github.com/relevant-community/oracle/x/oracle/types/query.pb.go:2699.40,2700.21 1 0
github.com/relevant-community/oracle/x/oracle/types/query.pb.go:2703.6,2703.20 1 0
github.com/relevant-community/oracle/x/oracle/types/query.pb.go:2706.6,2709.18 4 0
github.com/relevant-community/oracle/x/oracle/types/query.pb.go:2700.21,2702.7 1 0
github.com/relevant-community/oracle/x/oracle/types/query.pb.go:2703.20,2705.7 1 0
github.com/relevant-community/oracle/x/oracle/types/query.pb.go:2709.18,2710.12 1 0
github.com/relevant-community/oracle/x/oracle/types/query.pb.go:2714.10,2714.28 1 0
github.com/relevant-community/oracle/x/oracle/types/query.pb.go:2714.28,2716.40 2 0
github.com/relevant-community/oracle/x/oracle/types/query.pb.go:2730.5,2730.22 1 0
github.com/relevant-community/oracle/x/oracle/types/query.pb.go:2733.5,2734.22 2 0
github.com/relevant-community/oracle/x/oracle/types/query.pb.go:2737.5,2737.22 1 0
github.com/relevant-community/oracle/x/oracle/types/query.pb.go:2740.5,2742.51 3 0
github.com/relevant-community/oracle/x/oracle/types/query.pb.go:2747.5,2748.55 2 0
github.com/relevant-community/oracle/x/oracle/types/query.pb.go:2751.5,2751.27 1 0
github.com/relevant-community/oracle/x/oracle/types/query.pb.go:2716.40,2717.21 1 0
github.com/relevant-community/oracle/x/oracle/types/query.pb.go:2720.6,2720.20 1 0
github.com/relevant-community/oracle/x/oracle/types/query.pb.go:2723.6,2726.18 4 0
github.com/relevant-community/oracle/x/oracle/types/query.pb.go:2717.21,2719.7 1 0
github.com/relevant-community/oracle/x/oracle/types/query.pb.go:2720.20,2722.7 1 0
github.com/relevant-community/oracle/x/oracle/types/query.pb.go:2726.18,2727.12 1 0
github.com/relevant-community/oracle/x/oracle/types/query.pb.go:2730.22,2732.6 1 0
github.com/relevant-community/oracle/x/oracle/types/query.pb.go:2734.22,2736.6 1 0
github.com/relevant-community/oracle/x/oracle/types/query.pb.go:2737.22,2739.6 1 0
github.com/relevant-community/oracle/x/oracle/types/query.pb.go:2742.51,2743.23 1 0
github.com/relevant-community/oracle/x/oracle/types/query.pb.go:2743.23,2745.7 1 0
github.com/relevant-community/oracle/x/oracle/types/query.pb.go:2748.55,2750.6 1 0
github.com/relevant-community/oracle/x/oracle/types/query.pb.go:2751.27,2753.41 2 0
github.com/relevant-community/oracle/x/oracle/types/query.pb.go:2767.6,2767.50 1 0
github.com/relevant-community/oracle/x/oracle/types/query.pb.go:2753.41,2754.22 1 0
github.com/relevant-community/oracle/x/oracle/types/query.pb.go:2757.7,2757.21 1 0
github.com/relevant-community/oracle/x/oracle/types/query.pb.go:2760.7,2763.19 4 0
github.com/relevant-community/oracle/x/oracle/types/query.pb.go:2754.22,2756.8 1 0
github.com/relevant-community/oracle/x/oracle/types/query.pb.go:2757.21,2759.8 1 0
github.com/relevant-community/oracle/x/oracle/types/query.pb.go:2763.19,2764.13 1 0
github.com/relevant-community/oracle/x/oracle/types/query.pb.go:2769.10,2771.5 1 0
github.com/relevant-community/oracle/x/oracle/types/query.pb.go:2775.18,2777.5 1 0
[...]
github.com/relevant-community/oracle/x/oracle/keeper/msg_server.go:101.16,103.3 1 0
github.com/relevant-community/oracle/x/oracle/keeper/msg_server.go:123.111,129.40 4 1
github.com/relevant-community/oracle/x/oracle/keeper/msg_server.go:133.2,137.40 3 1
github.com/relevant-community/oracle/x/oracle/keeper/msg_server.go:145.2,145.33 1 1
github.com/relevant-community/oracle/x/oracle/keeper/msg_server.go:151.2,152.56 2 0
github.com/relevant-community/oracle/x/oracle/keeper/msg_server.go:156.2,158.25 3 0
github.com/relevant-community/oracle/x/oracle/keeper/msg_server.go:162.2,162.25 1 0
github.com/relevant-community/oracle/x/oracle/keeper/msg_server.go:129.40,131.3 1 0
github.com/relevant-community/oracle/x/oracle/keeper/msg_server.go:137.40,142.3 1 0
github.com/relevant-community/oracle/x/oracle/keeper/msg_server.go:145.33,147.3 1 1
github.com/relevant-community/oracle/x/oracle/keeper/msg_server.go:152.56,154.3 1 0
github.com/relevant-community/oracle/x/oracle/keeper/msg_server.go:158.25,160.3 1 0
github.com/relevant-community/oracle/x/oracle/keeper/msg_server.go:165.91,170.20 2 1
github.com/relevant-community/oracle/x/oracle/keeper/msg_server.go:174.2,174.16 1 1
github.com/relevant-community/oracle/x/oracle/keeper/msg_server.go:170.20,172.3 1 1
github.com/relevant-community/oracle/x/oracle/keeper/params.go:9.83,12.2 2 1
github.com/relevant-community/oracle/x/oracle/keeper/params.go:15.95,18.2 2 1
github.com/relevant-community/oracle/x/oracle/keeper/params.go:21.66,24.2 2 1
github.com/relevant-community/oracle/x/oracle/keeper/params.go:27.65,29.2 1 1
github.com/relevant-community/oracle/x/oracle/keeper/round.go:12.65,15.2 2 1
github.com/relevant-community/oracle/x/oracle/keeper/round.go:18.90,23.18 5 1
github.com/relevant-community/oracle/x/oracle/keeper/round.go:26.2,27.15 2 1
github.com/relevant-community/oracle/x/oracle/keeper/round.go:23.18,25.3 1 1
github.com/relevant-community/oracle/x/oracle/keeper/round.go:31.70,37.42 5 1
github.com/relevant-community/oracle/x/oracle/keeper/round.go:42.2,42.8 1 1
github.com/relevant-community/oracle/x/oracle/keeper/round.go:37.42,41.3 3 1
github.com/relevant-community/oracle/x/oracle/keeper/round.go:48.84,52.2 3 1
github.com/relevant-community/oracle/x/oracle/keeper/round.go:55.87,61.42 4 1
github.com/relevant-community/oracle/x/oracle/keeper/round.go:69.2,69.8 1 1
github.com/relevant-community/oracle/x/oracle/keeper/round.go:61.42,63.17 2 1
github.com/relevant-community/oracle/x/oracle/keeper/round.go:67.3,67.33 1 1
github.com/relevant-community/oracle/x/oracle/keeper/round.go:63.17,65.32 1 0
github.com/relevant-community/oracle/x/oracle/keeper/round.go:73.95,81.43 6 0
github.com/relevant-community/oracle/x/oracle/keeper/round.go:86.2,86.25 1 0
github.com/relevant-community/oracle/x/oracle/keeper/round.go:81.43,84.3 2 0
github.com/relevant-community/oracle/x/oracle/keeper/round.go:90.82,96.2 5 1
github.com/relevant-community/oracle/x/oracle/keeper/round.go:99.90,102.34 2 1
github.com/relevant-community/oracle/x/oracle/keeper/round.go:105.2,107.43 3 1
github.com/relevant-community/oracle/x/oracle/keeper/round.go:102.34,104.3 1 0
github.com/relevant-community/oracle/x/oracle/keeper/round.go:111.81,114.18 3 1
github.com/relevant-community/oracle/x/oracle/keeper/round.go:117.2,118.16 2 0
github.com/relevant-community/oracle/x/oracle/keeper/round.go:122.2,122.16 1 0
github.com/relevant-community/oracle/x/oracle/keeper/round.go:114.18,116.3 1 1
github.com/relevant-community/oracle/x/oracle/keeper/round.go:118.16,120.33 1 0
github.com/relevant-community/oracle/x/oracle/keeper/round.go:126.76,134.43 6 0
github.com/relevant-community/oracle/x/oracle/keeper/round.go:139.2,139.20 1 0
github.com/relevant-community/oracle/x/oracle/keeper/round.go:134.43,137.3 2 0
github.com/relevant-community/oracle/x/oracle/keeper/round.go:143.75,147.2 3 0
github.com/relevant-community/oracle/x/oracle/keeper/vote.go:18.93,28.18 8 1
github.com/relevant-community/oracle/x/oracle/keeper/vote.go:39.2,40.87 2 1
github.com/relevant-community/oracle/x/oracle/keeper/vote.go:28.18,34.3 1 1
github.com/relevant-community/oracle/x/oracle/keeper/vote.go:34.8,37.3 2 1
github.com/relevant-community/oracle/x/oracle/keeper/vote.go:44.88,49.18 4 1
github.com/relevant-community/oracle/x/oracle/keeper/vote.go:53.2,53.35 1 1
github.com/relevant-community/oracle/x/oracle/keeper/vote.go:56.2,56.41 1 1
github.com/relevant-community/oracle/x/oracle/keeper/vote.go:49.18,51.3 1 1
github.com/relevant-community/oracle/x/oracle/keeper/vote.go:53.35,55.3 1 1
github.com/relevant-community/oracle/x/oracle/keeper/vote.go:61.98,67.35 5 1
github.com/relevant-community/oracle/x/oracle/keeper/vote.go:92.2,93.19 2 1
github.com/relevant-community/oracle/x/oracle/keeper/vote.go:97.2,99.21 2 1
github.com/relevant-community/oracle/x/oracle/keeper/vote.go:103.2,103.12 1 1
github.com/relevant-community/oracle/x/oracle/keeper/vote.go:67.35,69.72 2 1
github.com/relevant-community/oracle/x/oracle/keeper/vote.go:72.3,76.26 4 1
github.com/relevant-community/oracle/x/oracle/keeper/vote.go:82.3,87.44 4 1
github.com/relevant-community/oracle/x/oracle/keeper/vote.go:69.72,70.12 1 0
github.com/relevant-community/oracle/x/oracle/keeper/vote.go:76.26,80.4 1 1
github.com/relevant-community/oracle/x/oracle/keeper/vote.go:87.44,89.4 1 1
github.com/relevant-community/oracle/x/oracle/keeper/vote.go:93.19,95.3 1 0
github.com/relevant-community/oracle/x/oracle/keeper/vote.go:99.21,102.3 2 1
github.com/relevant-community/oracle/x/oracle/keeper/vote.go:107.100,114.2 6 1
github.com/relevant-community/oracle/x/oracle/keeper/vote.go:121.61,123.2 1 0
github.com/relevant-community/oracle/x/oracle/keeper/vote.go:126.85,128.2 1 0
github.com/relevant-community/oracle/x/oracle/keeper/vote.go:131.71,133.2 1 0
github.com/relevant-community/oracle/x/oracle/keeper/vote.go:136.73,138.2 1 0
github.com/relevant-community/oracle/x/oracle/keeper/vote.go:141.58,143.55 2 0
github.com/relevant-community/oracle/x/oracle/keeper/vote.go:147.2,147.17 1 0
github.com/relevant-community/oracle/x/oracle/keeper/vote.go:143.55,146.3 2 0
github.com/relevant-community/oracle/x/oracle/keeper/vote.go:151.89,155.34 4 0
github.com/relevant-community/oracle/x/oracle/keeper/vote.go:155.34,157.20 2 0
github.com/relevant-community/oracle/x/oracle/keeper/vote.go:157.20,158.9 1 0
github.com/relevant-community/oracle/x/oracle/keeper/claim.go:14.68,17.2 2 1
github.com/relevant-community/oracle/x/oracle/keeper/claim.go:21.81,25.18 3 1
github.com/relevant-community/oracle/x/oracle/keeper/claim.go:29.2,29.33 1 1
github.com/relevant-community/oracle/x/oracle/keeper/claim.go:25.18,27.3 1 1
github.com/relevant-community/oracle/x/oracle/keeper/claim.go:33.71,39.42 4 1
github.com/relevant-community/oracle/x/oracle/keeper/claim.go:44.2,44.8 1 1
github.com/relevant-community/oracle/x/oracle/keeper/claim.go:39.42,42.3 2 1
github.com/relevant-community/oracle/x/oracle/keeper/claim.go:48.69,51.2 2 1
github.com/relevant-community/oracle/x/oracle/keeper/claim.go:55.62,57.16 2 1
github.com/relevant-community/oracle/x/oracle/keeper/claim.go:61.2,61.14 1 1
github.com/relevant-community/oracle/x/oracle/keeper/claim.go:57.16,58.55 1 0
github.com/relevant-community/oracle/x/oracle/keeper/claim.go:66.63,68.16 2 1
github.com/relevant-community/oracle/x/oracle/keeper/claim.go:72.2,72.11 1 1
github.com/relevant-community/oracle/x/oracle/keeper/claim.go:68.16,69.55 1 0
github.com/relevant-community/oracle/x/oracle/keeper/claim.go:78.69,80.2 1 1
github.com/relevant-community/oracle/x/oracle/keeper/claim.go:85.67,87.61 2 1
github.com/relevant-community/oracle/x/oracle/keeper/claim.go:91.2,91.19 1 1
github.com/relevant-community/oracle/x/oracle/keeper/claim.go:87.61,89.3 1 0
github.com/relevant-community/oracle/x/oracle/client/cli/query.go:17.52,39.2 10 0
github.com/relevant-community/oracle/x/oracle/client/cli/query.go:42.33,51.55 1 0
github.com/relevant-community/oracle/x/oracle/client/cli/query.go:69.2,71.12 2 0
github.com/relevant-community/oracle/x/oracle/client/cli/query.go:51.55,53.18 2 0
github.com/relevant-community/oracle/x/oracle/client/cli/query.go:56.4,61.18 4 0
github.com/relevant-community/oracle/x/oracle/client/cli/query.go:65.4,65.44 1 0
github.com/relevant-community/oracle/x/oracle/client/cli/query.go:53.18,55.5 1 0
github.com/relevant-community/oracle/x/oracle/client/cli/query.go:61.18,63.5 1 0
github.com/relevant-community/oracle/x/oracle/client/cli/query.go:75.32,80.55 1 1
github.com/relevant-community/oracle/x/oracle/client/cli/query.go:105.2,107.12 2 1
github.com/relevant-community/oracle/x/oracle/client/cli/query.go:80.55,82.18 2 1
github.com/relevant-community/oracle/x/oracle/client/cli/query.go:86.4,90.18 4 1
github.com/relevant-community/oracle/x/oracle/client/cli/query.go:94.4,97.18 3 1
github.com/relevant-community/oracle/x/oracle/client/cli/query.go:101.4,101.36 1 1
github.com/relevant-community/oracle/x/oracle/client/cli/query.go:82.18,84.5 1 0
github.com/relevant-community/oracle/x/oracle/client/cli/query.go:90.18,92.5 1 0
github.com/relevant-community/oracle/x/oracle/client/cli/query.go:97.18,99.5 1 0
github.com/relevant-community/oracle/x/oracle/client/cli/query.go:111.40,116.55 1 1
github.com/relevant-community/oracle/x/oracle/client/cli/query.go:136.2,138.12 2 1
github.com/relevant-community/oracle/x/oracle/client/cli/query.go:116.55,118.18 2 1
github.com/relevant-community/oracle/x/oracle/client/cli/query.go:122.4,128.18 5 1
github.com/relevant-community/oracle/x/oracle/client/cli/query.go:132.4,132.36 1 1
github.com/relevant-community/oracle/x/oracle/client/cli/query.go:118.18,120.5 1 0
github.com/relevant-community/oracle/x/oracle/client/cli/query.go:128.18,130.5 1 0
github.com/relevant-community/oracle/x/oracle/client/cli/query.go:142.36,146.55 1 1
github.com/relevant-community/oracle/x/oracle/client/cli/query.go:171.2,173.12 2 1
github.com/relevant-community/oracle/x/oracle/client/cli/query.go:146.55,148.18 2 1
github.com/relevant-community/oracle/x/oracle/client/cli/query.go:152.4,153.18 2 1
github.com/relevant-community/oracle/x/oracle/client/cli/query.go:157.4,163.18 4 1
github.com/relevant-community/oracle/x/oracle/client/cli/query.go:167.4,167.36 1 1
github.com/relevant-community/oracle/x/oracle/client/cli/query.go:148.18,150.5 1 0
github.com/relevant-community/oracle/x/oracle/client/cli/query.go:153.18,155.5 1 0
github.com/relevant-community/oracle/x/oracle/client/cli/query.go:163.18,165.5 1 0
github.com/relevant-community/oracle/x/oracle/client/cli/query.go:177.43,183.55 1 1
github.com/relevant-community/oracle/x/oracle/client/cli/query.go:183.55,185.18 2 1
github.com/relevant-community/oracle/x/oracle/client/cli/query.go:189.4,193.18 4 1
github.com/relevant-community/oracle/x/oracle/client/cli/query.go:197.4,197.30 1 1
github.com/relevant-community/oracle/x/oracle/client/cli/query.go:185.18,187.5 1 0
github.com/relevant-community/oracle/x/oracle/client/cli/query.go:193.18,195.5 1 1
github.com/relevant-community/oracle/x/oracle/client/cli/query.go:203.43,209.55 1 1
github.com/relevant-community/oracle/x/oracle/client/cli/query.go:209.55,211.18 2 1
github.com/relevant-community/oracle/x/oracle/client/cli/query.go:215.4,219.18 4 1
github.com/relevant-community/oracle/x/oracle/client/cli/query.go:223.4,223.30 1 1
github.com/relevant-community/oracle/x/oracle/client/cli/query.go:211.18,213.5 1 0
github.com/relevant-community/oracle/x/oracle/client/cli/query.go:219.18,221.5 1 0
github.com/relevant-community/oracle/x/oracle/client/cli/queryClaim.go:13.32,18.55 1 1
github.com/relevant-community/oracle/x/oracle/client/cli/queryClaim.go:37.2,39.12 2 1
github.com/relevant-community/oracle/x/oracle/client/cli/queryClaim.go:18.55,20.18 2 1
github.com/relevant-community/oracle/x/oracle/client/cli/queryClaim.go:24.4,30.18 5 1
github.com/relevant-community/oracle/x/oracle/client/cli/queryClaim.go:33.4,33.36 1 1
github.com/relevant-community/oracle/x/oracle/client/cli/queryClaim.go:20.18,22.5 1 0
github.com/relevant-community/oracle/x/oracle/client/cli/queryClaim.go:30.18,32.5 1 1
github.com/relevant-community/oracle/x/oracle/client/cli/queryClaim.go:43.36,47.55 1 1
github.com/relevant-community/oracle/x/oracle/client/cli/queryClaim.go:73.2,75.12 2 1
github.com/relevant-community/oracle/x/oracle/client/cli/queryClaim.go:47.55,49.18 2 1
github.com/relevant-community/oracle/x/oracle/client/cli/queryClaim.go:53.4,54.18 2 1
github.com/relevant-community/oracle/x/oracle/client/cli/queryClaim.go:58.4,65.18 4 1
github.com/relevant-community/oracle/x/oracle/client/cli/queryClaim.go:69.4,69.36 1 1
github.com/relevant-community/oracle/x/oracle/client/cli/queryClaim.go:49.18,51.5 1 0
github.com/relevant-community/oracle/x/oracle/client/cli/queryClaim.go:54.18,56.5 1 0
github.com/relevant-community/oracle/x/oracle/client/cli/queryClaim.go:65.18,67.5 1 0
github.com/relevant-community/oracle/x/oracle/client/cli/tx.go:15.32,29.2 4 0
github.com/relevant-community/oracle/x/oracle/client/cli/tx.go:32.34,36.55 1 1
github.com/relevant-community/oracle/x/oracle/client/cli/tx.go:56.2,57.12 2 1
github.com/relevant-community/oracle/x/oracle/client/cli/tx.go:36.55,38.18 2 1
github.com/relevant-community/oracle/x/oracle/client/cli/tx.go:42.4,43.18 2 1
github.com/relevant-community/oracle/x/oracle/client/cli/tx.go:47.4,48.45 2 1
github.com/relevant-community/oracle/x/oracle/client/cli/tx.go:52.4,52.61 1 1
github.com/relevant-community/oracle/x/oracle/client/cli/tx.go:38.18,40.5 1 0
github.com/relevant-community/oracle/x/oracle/client/cli/tx.go:43.18,45.5 1 0
github.com/relevant-community/oracle/x/oracle/client/cli/tx.go:48.45,50.5 1 0
github.com/relevant-community/oracle/x/oracle/client/cli/worker.go:45.79,51.2 2 1
github.com/relevant-community/oracle/x/oracle/client/cli/worker.go:54.38,58.55 1 1
github.com/relevant-community/oracle/x/oracle/client/cli/worker.go:91.2,93.12 3 1
github.com/relevant-community/oracle/x/oracle/client/cli/worker.go:58.55,60.23 1 1
github.com/relevant-community/oracle/x/oracle/client/cli/worker.go:65.4,67.21 3 1
github.com/relevant-community/oracle/x/oracle/client/cli/worker.go:74.4,78.23 4 1
github.com/relevant-community/oracle/x/oracle/client/cli/worker.go:81.4,81.23 1 1
github.com/relevant-community/oracle/x/oracle/client/cli/worker.go:84.4,84.36 1 1
github.com/relevant-community/oracle/x/oracle/client/cli/worker.go:87.4,87.14 1 1
github.com/relevant-community/oracle/x/oracle/client/cli/worker.go:60.23,62.5 1 0
github.com/relevant-community/oracle/x/oracle/client/cli/worker.go:67.21,69.19 2 1
github.com/relevant-community/oracle/x/oracle/client/cli/worker.go:69.19,71.6 1 0
github.com/relevant-community/oracle/x/oracle/client/cli/worker.go:78.23,80.5 1 1
github.com/relevant-community/oracle/x/oracle/client/cli/worker.go:81.23,83.5 1 1
github.com/relevant-community/oracle/x/oracle/client/cli/worker.go:84.36,86.5 1 0
github.com/relevant-community/oracle/x/oracle/client/cli/worker.go:96.107,107.16 4 1
github.com/relevant-community/oracle/x/oracle/client/cli/worker.go:111.2,111.29 1 1
github.com/relevant-community/oracle/x/oracle/client/cli/worker.go:115.2,119.17 3 1
github.com/relevant-community/oracle/x/oracle/client/cli/worker.go:124.2,132.16 5 1
github.com/relevant-community/oracle/x/oracle/client/cli/worker.go:136.2,139.6 2 1
github.com/relevant-community/oracle/x/oracle/client/cli/worker.go:107.16,109.3 1 0
github.com/relevant-community/oracle/x/oracle/client/cli/worker.go:111.29,113.3 1 0
github.com/relevant-community/oracle/x/oracle/client/cli/worker.go:119.17,123.3 3 0
github.com/relevant-community/oracle/x/oracle/client/cli/worker.go:132.16,134.3 1 0
github.com/relevant-community/oracle/x/oracle/client/cli/worker.go:139.6,140.10 1 1
github.com/relevant-community/oracle/x/oracle/client/cli/worker.go:141.30,143.58 1 1
github.com/relevant-community/oracle/x/oracle/client/cli/worker.go:148.4,149.117 1 1
github.com/relevant-community/oracle/x/oracle/client/cli/worker.go:153.29,155.57 1 1
github.com/relevant-community/oracle/x/oracle/client/cli/worker.go:159.23,160.14 1 1
github.com/relevant-community/oracle/x/oracle/client/cli/worker.go:143.58,145.5 1 0
github.com/relevant-community/oracle/x/oracle/client/cli/worker.go:149.117,151.5 1 1
github.com/relevant-community/oracle/x/oracle/client/cli/worker.go:155.57,158.5 1 0
github.com/relevant-community/oracle/x/oracle/client/cli/worker.go:166.116,170.17 3 1
github.com/relevant-community/oracle/x/oracle/client/cli/worker.go:176.2,176.19 1 1
github.com/relevant-community/oracle/x/oracle/client/cli/worker.go:170.17,174.3 3 0
github.com/relevant-community/oracle/x/oracle/client/cli/worker.go:180.69,183.6 3 1
github.com/relevant-community/oracle/x/oracle/client/cli/worker.go:183.6,184.10 1 1
github.com/relevant-community/oracle/x/oracle/client/cli/worker.go:185.23,189.14 4 0
github.com/relevant-community/oracle/x/oracle/client/cli/worker.go:190.21,192.14 2 1
github.com/relevant-community/oracle/x/oracle/client/cli/workerHelper.go:36.96,41.16 3 1
github.com/relevant-community/oracle/x/oracle/client/cli/workerHelper.go:45.2,52.16 5 1
github.com/relevant-community/oracle/x/oracle/client/cli/workerHelper.go:56.2,61.8 1 1
github.com/relevant-community/oracle/x/oracle/client/cli/workerHelper.go:41.16,43.3 1 0
github.com/relevant-community/oracle/x/oracle/client/cli/workerHelper.go:52.16,54.3 1 0
github.com/relevant-community/oracle/x/oracle/client/cli/workerHelper.go:65.60,74.25 3 1
github.com/relevant-community/oracle/x/oracle/client/cli/workerHelper.go:88.2,89.17 2 1
github.com/relevant-community/oracle/x/oracle/client/cli/workerHelper.go:97.2,98.16 2 1
github.com/relevant-community/oracle/x/oracle/client/cli/workerHelper.go:74.25,76.17 2 1
github.com/relevant-community/oracle/x/oracle/client/cli/workerHelper.go:79.3,79.9 1 1
github.com/relevant-community/oracle/x/oracle/client/cli/workerHelper.go:76.17,78.4 1 0
github.com/relevant-community/oracle/x/oracle/client/cli/workerHelper.go:89.17,91.17 2 1
github.com/relevant-community/oracle/x/oracle/client/cli/workerHelper.go:95.3,95.29 1 1
github.com/relevant-community/oracle/x/oracle/client/cli/workerHelper.go:91.17,93.4 1 0
github.com/relevant-community/oracle/x/oracle/client/cli/workerHelper.go:98.16,100.3 1 0
github.com/relevant-community/oracle/x/oracle/client/cli/workerHelper.go:104.65,106.16 2 1
github.com/relevant-community/oracle/x/oracle/client/cli/workerHelper.go:110.2,113.51 4 1
github.com/relevant-community/oracle/x/oracle/client/cli/workerHelper.go:116.2,117.16 2 1
github.com/relevant-community/oracle/x/oracle/client/cli/workerHelper.go:120.2,124.12 2 1
github.com/relevant-community/oracle/x/oracle/client/cli/workerHelper.go:106.16,108.3 1 0
github.com/relevant-community/oracle/x/oracle/client/cli/workerHelper.go:113.51,115.3 1 0
github.com/relevant-community/oracle/x/oracle/client/cli/workerHelper.go:117.16,119.3 1 0
github.com/relevant-community/oracle/x/oracle/client/cli/workerHelper.go:128.75,130.16 2 1
github.com/relevant-community/oracle/x/oracle/client/cli/workerHelper.go:134.2,135.16 2 1
github.com/relevant-community/oracle/x/oracle/client/cli/workerHelper.go:138.2,138.48 1 1
github.com/relevant-community/oracle/x/oracle/client/cli/workerHelper.go:143.2,146.16 2 1
github.com/relevant-community/oracle/x/oracle/client/cli/workerHelper.go:149.2,149.12 1 1
github.com/relevant-community/oracle/x/oracle/client/cli/workerHelper.go:130.16,132.3 1 0
github.com/relevant-community/oracle/x/oracle/client/cli/workerHelper.go:135.16,137.3 1 0
github.com/relevant-community/oracle/x/oracle/client/cli/workerHelper.go:138.48,140.3 1 0
github.com/relevant-community/oracle/x/oracle/client/cli/workerHelper.go:146.16,148.3 1 0
github.com/relevant-community/oracle/x/oracle/client/cli/workerHelper.go:153.59,156.21 2 1
github.com/relevant-community/oracle/x/oracle/client/cli/workerHelper.go:159.2,159.83 1 1
github.com/relevant-community/oracle/x/oracle/client/cli/workerHelper.go:156.21,158.3 1 0
github.com/relevant-community/oracle/x/oracle/client/cli/workerHelper.go:162.31,166.2 3 1
